TN:
SF:/home/tikhon/Documents/programs/21_22/MIPT_c++/tasks/homework_repository/homework_cpp_2021/flat_set/cmake/Gtests.cpp
FN:8,_ZN27FlatTest_SimpleInclude_TestC2Ev
FNDA:1,_ZN27FlatTest_SimpleInclude_TestC2Ev
FN:8,_ZN27FlatTest_SimpleInclude_Test8TestBodyEv
FNDA:1,_ZN27FlatTest_SimpleInclude_Test8TestBodyEv
FN:8,_ZN27FlatTest_SimpleInclude_TestD0Ev
FNDA:1,_ZN27FlatTest_SimpleInclude_TestD0Ev
FN:8,_ZN27FlatTest_SimpleInclude_TestD2Ev
FNDA:1,_ZN27FlatTest_SimpleInclude_TestD2Ev
FN:25,_Z9multitestiiiN4mipt13OptimizeLevelE
FNDA:4,_Z9multitestiiiN4mipt13OptimizeLevelE
FN:45,_ZN22FlatTest_DataLoss_TestC2Ev
FNDA:1,_ZN22FlatTest_DataLoss_TestC2Ev
FN:45,_ZN22FlatTest_DataLoss_Test8TestBodyEv
FNDA:1,_ZN22FlatTest_DataLoss_Test8TestBodyEv
FN:45,_ZN22FlatTest_DataLoss_TestD2Ev
FNDA:1,_ZN22FlatTest_DataLoss_TestD2Ev
FN:45,_ZN22FlatTest_DataLoss_TestD0Ev
FNDA:1,_ZN22FlatTest_DataLoss_TestD0Ev
FN:49,_ZN27FlatTest_StingOptimize_TestD0Ev
FNDA:1,_ZN27FlatTest_StingOptimize_TestD0Ev
FN:49,_ZN27FlatTest_StingOptimize_TestD2Ev
FNDA:1,_ZN27FlatTest_StingOptimize_TestD2Ev
FN:49,_ZN27FlatTest_StingOptimize_Test8TestBodyEv
FNDA:1,_ZN27FlatTest_StingOptimize_Test8TestBodyEv
FN:49,_ZN27FlatTest_StingOptimize_TestC2Ev
FNDA:1,_ZN27FlatTest_StingOptimize_TestC2Ev
FN:53,_ZN32FlatTest_gInfoLevelCoverage_TestD0Ev
FNDA:1,_ZN32FlatTest_gInfoLevelCoverage_TestD0Ev
FN:53,_ZN32FlatTest_gInfoLevelCoverage_TestD2Ev
FNDA:1,_ZN32FlatTest_gInfoLevelCoverage_TestD2Ev
FN:53,_ZN32FlatTest_gInfoLevelCoverage_Test8TestBodyEv
FNDA:1,_ZN32FlatTest_gInfoLevelCoverage_Test8TestBodyEv
FN:53,_ZN32FlatTest_gInfoLevelCoverage_TestC2Ev
FNDA:1,_ZN32FlatTest_gInfoLevelCoverage_TestC2Ev
FN:61,main
FNDA:2,main
DA:8,1
DA:8,1
DA:8,1
DA:8,1
DA:9,1
BRDA:9,0,0,1
BRDA:9,0,1,0
BRDA:9,0,2,1
BRDA:9,0,3,0
DA:10,1
BRDA:10,0,0,1
BRDA:10,0,1,0
BRDA:10,0,2,1
BRDA:10,0,3,0
BRDA:10,0,4,0
BRDA:10,0,5,1
BRDA:10,0,6,0
BRDA:10,0,7,0
BRDA:10,0,8,0
BRDA:10,0,9,0
BRDA:10,0,10,0
BRDA:10,0,11,0
DA:11,1
BRDA:11,0,0,1
BRDA:11,0,1,0
BRDA:11,0,2,0
BRDA:11,0,3,1
BRDA:11,0,4,0
BRDA:11,0,5,0
BRDA:11,0,6,0
BRDA:11,0,7,0
BRDA:11,0,8,0
BRDA:11,0,9,0
DA:13,1
BRDA:13,0,0,1
BRDA:13,0,1,0
BRDA:13,0,2,1
BRDA:13,0,3,0
BRDA:13,0,4,0
BRDA:13,0,5,1
BRDA:13,0,6,0
BRDA:13,0,7,0
BRDA:13,0,8,0
BRDA:13,0,9,0
BRDA:13,0,10,0
BRDA:13,0,11,0
DA:14,1
BRDA:14,0,0,1
BRDA:14,0,1,0
BRDA:14,0,2,1
BRDA:14,0,3,0
BRDA:14,0,4,0
BRDA:14,0,5,1
BRDA:14,0,6,0
BRDA:14,0,7,0
BRDA:14,0,8,0
BRDA:14,0,9,0
BRDA:14,0,10,0
BRDA:14,0,11,0
DA:16,1
BRDA:16,0,0,1
BRDA:16,0,1,0
BRDA:16,0,2,1
BRDA:16,0,3,0
BRDA:16,0,4,0
BRDA:16,0,5,1
BRDA:16,0,6,0
BRDA:16,0,7,0
BRDA:16,0,8,0
BRDA:16,0,9,0
BRDA:16,0,10,0
BRDA:16,0,11,0
DA:18,1
BRDA:18,0,0,1
BRDA:18,0,1,0
BRDA:18,0,2,1
BRDA:18,0,3,0
BRDA:18,0,4,0
BRDA:18,0,5,1
BRDA:18,0,6,0
BRDA:18,0,7,0
BRDA:18,0,8,0
BRDA:18,0,9,0
BRDA:18,0,10,0
BRDA:18,0,11,0
DA:19,1
BRDA:19,0,0,1
BRDA:19,0,1,0
BRDA:19,0,2,1
BRDA:19,0,3,0
BRDA:19,0,4,0
BRDA:19,0,5,1
BRDA:19,0,6,0
BRDA:19,0,7,0
BRDA:19,0,8,0
BRDA:19,0,9,0
BRDA:19,0,10,0
BRDA:19,0,11,0
DA:20,1
BRDA:20,0,0,1
BRDA:20,0,1,0
BRDA:20,0,2,0
BRDA:20,0,3,1
BRDA:20,0,4,0
BRDA:20,0,5,0
BRDA:20,0,6,0
BRDA:20,0,7,0
BRDA:20,0,8,0
BRDA:20,0,9,0
DA:22,1
BRDA:22,0,0,1
BRDA:22,0,1,0
BRDA:22,0,2,1
BRDA:22,0,3,0
DA:25,4
DA:26,4
DA:27,28
BRDA:27,0,0,24
BRDA:27,0,1,4
DA:28,24
BRDA:28,0,0,24
BRDA:28,0,1,0
BRDA:28,0,2,24
BRDA:28,0,3,0
DA:29,21224
BRDA:29,0,0,21200
BRDA:29,0,1,24
DA:30,21200
DA:31,21200
DA:32,21200
BRDA:32,0,0,10499
BRDA:32,0,1,10701
BRDA:32,0,2,10496
BRDA:32,0,3,3
BRDA:32,0,4,10496
BRDA:32,0,5,10704
DA:33,10496
DA:34,10496
BRDA:34,0,0,10496
BRDA:34,0,1,0
DA:35,10496
DA:37,21200
BRDA:37,0,0,12706
BRDA:37,0,1,8494
BRDA:37,0,2,12706
BRDA:37,0,3,0
BRDA:37,0,4,12706
BRDA:37,0,5,0
BRDA:37,0,6,12706
BRDA:37,0,7,0
BRDA:37,0,8,0
BRDA:37,0,9,12706
BRDA:37,0,10,0
BRDA:37,0,11,0
BRDA:37,0,12,0
BRDA:37,0,13,0
BRDA:37,0,14,0
BRDA:37,0,15,0
DA:38,21200
BRDA:38,0,0,4176
BRDA:38,0,1,17024
BRDA:38,0,2,4176
BRDA:38,0,3,0
BRDA:38,0,4,4176
BRDA:38,0,5,0
BRDA:38,0,6,4176
BRDA:38,0,7,0
BRDA:38,0,8,0
BRDA:38,0,9,4176
BRDA:38,0,10,0
BRDA:38,0,11,0
BRDA:38,0,12,0
BRDA:38,0,13,0
BRDA:38,0,14,0
BRDA:38,0,15,0
DA:39,21200
BRDA:39,0,0,4318
BRDA:39,0,1,16882
BRDA:39,0,2,4318
BRDA:39,0,3,0
BRDA:39,0,4,4318
BRDA:39,0,5,0
BRDA:39,0,6,4318
BRDA:39,0,7,0
BRDA:39,0,8,0
BRDA:39,0,9,4318
BRDA:39,0,10,0
BRDA:39,0,11,0
BRDA:39,0,12,0
BRDA:39,0,13,0
BRDA:39,0,14,0
BRDA:39,0,15,0
DA:42,4
BRDA:42,0,0,4
BRDA:42,0,1,0
BRDA:42,0,2,4
BRDA:42,0,3,0
DA:45,1
DA:45,1
DA:45,1
DA:45,1
DA:46,1
DA:47,1
DA:49,1
DA:49,1
DA:49,1
DA:49,1
DA:50,1
DA:51,1
DA:53,1
DA:53,1
DA:53,1
DA:53,1
DA:54,1
DA:55,1
DA:56,1
DA:57,1
DA:58,1
DA:61,2
DA:63,2
DA:64,2
BRDA:64,0,0,2
BRDA:64,0,1,0
DA:65,2
end_of_record
SF:/usr/include/c++/9/bits/unique_ptr.h
FN:75,_ZNKSt14default_deleteINSt7__cxx1118basic_stringstreamIcSt11char_traitsIcESaIcEEEEclEPS5_
FNDA:0,_ZNKSt14default_deleteINSt7__cxx1118basic_stringstreamIcSt11char_traitsIcESaIcEEEEclEPS5_
FN:75,_ZNKSt14default_deleteINSt7__cxx1112basic_stringIcSt11char_traitsIcESaIcEEEEclEPS5_
FNDA:0,_ZNKSt14default_deleteINSt7__cxx1112basic_stringIcSt11char_traitsIcESaIcEEEEclEPS5_
FN:153,_ZNSt15__uniq_ptr_implINSt7__cxx1118basic_stringstreamIcSt11char_traitsIcESaIcEEESt14default_deleteIS5_EE6_M_ptrEv
FNDA:0,_ZNSt15__uniq_ptr_implINSt7__cxx1118basic_stringstreamIcSt11char_traitsIcESaIcEEESt14default_deleteIS5_EE6_M_ptrEv
FN:153,_ZNSt15__uniq_ptr_implINSt10filesystem7__cxx114path5_List5_ImplENS3_13_Impl_deleterEE6_M_ptrEv
FNDA:753,_ZNSt15__uniq_ptr_implINSt10filesystem7__cxx114path5_List5_ImplENS3_13_Impl_deleterEE6_M_ptrEv
FN:153,_ZNSt15__uniq_ptr_implINSt7__cxx1112basic_stringIcSt11char_traitsIcESaIcEEESt14default_deleteIS5_EE6_M_ptrEv
FNDA:21208,_ZNSt15__uniq_ptr_implINSt7__cxx1112basic_stringIcSt11char_traitsIcESaIcEEESt14default_deleteIS5_EE6_M_ptrEv
FN:154,_ZNKSt15__uniq_ptr_implINSt7__cxx1112basic_stringIcSt11char_traitsIcESaIcEEESt14default_deleteIS5_EE6_M_ptrEv
FNDA:0,_ZNKSt15__uniq_ptr_implINSt7__cxx1112basic_stringIcSt11char_traitsIcESaIcEEESt14default_deleteIS5_EE6_M_ptrEv
FN:155,_ZNSt15__uniq_ptr_implINSt7__cxx1112basic_stringIcSt11char_traitsIcESaIcEEESt14default_deleteIS5_EE10_M_deleterEv
FNDA:0,_ZNSt15__uniq_ptr_implINSt7__cxx1112basic_stringIcSt11char_traitsIcESaIcEEESt14default_deleteIS5_EE10_M_deleterEv
FN:155,_ZNSt15__uniq_ptr_implINSt7__cxx1118basic_stringstreamIcSt11char_traitsIcESaIcEEESt14default_deleteIS5_EE10_M_deleterEv
FNDA:0,_ZNSt15__uniq_ptr_implINSt7__cxx1118basic_stringstreamIcSt11char_traitsIcESaIcEEESt14default_deleteIS5_EE10_M_deleterEv
FN:155,_ZNSt15__uniq_ptr_implINSt10filesystem7__cxx114path5_List5_ImplENS3_13_Impl_deleterEE10_M_deleterEv
FNDA:753,_ZNSt15__uniq_ptr_implINSt10filesystem7__cxx114path5_List5_ImplENS3_13_Impl_deleterEE10_M_deleterEv
FN:286,_ZNSt10unique_ptrINSt10filesystem7__cxx114path5_List5_ImplENS3_13_Impl_deleterEED2Ev
FNDA:753,_ZNSt10unique_ptrINSt10filesystem7__cxx114path5_List5_ImplENS3_13_Impl_deleterEED2Ev
FN:286,_ZNSt10unique_ptrINSt7__cxx1112basic_stringIcSt11char_traitsIcESaIcEEESt14default_deleteIS5_EED2Ev
FNDA:21208,_ZNSt10unique_ptrINSt7__cxx1112basic_stringIcSt11char_traitsIcESaIcEEESt14default_deleteIS5_EED2Ev
FN:286,_ZNSt10unique_ptrINSt7__cxx1118basic_stringstreamIcSt11char_traitsIcESaIcEEESt14default_deleteIS5_EED2Ev
FNDA:0,_ZNSt10unique_ptrINSt7__cxx1118basic_stringstreamIcSt11char_traitsIcESaIcEEESt14default_deleteIS5_EED2Ev
FN:352,_ZNKSt10unique_ptrINSt7__cxx1112basic_stringIcSt11char_traitsIcESaIcEEESt14default_deleteIS5_EEptEv
FNDA:0,_ZNKSt10unique_ptrINSt7__cxx1112basic_stringIcSt11char_traitsIcESaIcEEESt14default_deleteIS5_EEptEv
FN:360,_ZNKSt10unique_ptrINSt7__cxx1112basic_stringIcSt11char_traitsIcESaIcEEESt14default_deleteIS5_EE3getEv
FNDA:0,_ZNKSt10unique_ptrINSt7__cxx1112basic_stringIcSt11char_traitsIcESaIcEEESt14default_deleteIS5_EE3getEv
FN:365,_ZNSt10unique_ptrINSt7__cxx1112basic_stringIcSt11char_traitsIcESaIcEEESt14default_deleteIS5_EE11get_deleterEv
FNDA:0,_ZNSt10unique_ptrINSt7__cxx1112basic_stringIcSt11char_traitsIcESaIcEEESt14default_deleteIS5_EE11get_deleterEv
FN:365,_ZNSt10unique_ptrINSt10filesystem7__cxx114path5_List5_ImplENS3_13_Impl_deleterEE11get_deleterEv
FNDA:753,_ZNSt10unique_ptrINSt10filesystem7__cxx114path5_List5_ImplENS3_13_Impl_deleterEE11get_deleterEv
FN:365,_ZNSt10unique_ptrINSt7__cxx1118basic_stringstreamIcSt11char_traitsIcESaIcEEESt14default_deleteIS5_EE11get_deleterEv
FNDA:0,_ZNSt10unique_ptrINSt7__cxx1118basic_stringstreamIcSt11char_traitsIcESaIcEEESt14default_deleteIS5_EE11get_deleterEv
DA:75,0
DA:81,0
BRDA:81,0,0,-
BRDA:81,0,1,-
DA:82,0
DA:75,0
DA:81,0
BRDA:81,0,0,-
BRDA:81,0,1,-
DA:82,0
DA:153,753
DA:153,21208
DA:153,0
DA:154,0
DA:155,753
DA:155,0
DA:155,0
DA:286,753
DA:290,753
DA:291,753
BRDA:291,0,0,753
BRDA:291,0,1,0
DA:292,753
DA:293,753
DA:294,753
DA:286,21208
DA:290,21208
DA:291,21208
BRDA:291,0,0,0
BRDA:291,0,1,21208
DA:292,0
DA:293,21208
DA:294,21208
DA:286,0
DA:290,0
DA:291,0
BRDA:291,0,0,-
BRDA:291,0,1,-
DA:292,0
DA:293,0
DA:294,0
DA:352,0
DA:355,0
DA:360,0
DA:361,0
DA:365,753
DA:366,753
DA:365,0
DA:366,0
DA:365,0
DA:366,0
end_of_record
SF:/usr/include/c++/9/bits/stl_heap.h
FN:128,_ZSt11__push_heapIN9__gnu_cxx17__normal_iteratorIPiSt6vectorIiSaIiEEEEliNS0_5__ops14_Iter_less_valEEvT_T0_SA_T1_RT2_
FNDA:910050,_ZSt11__push_heapIN9__gnu_cxx17__normal_iteratorIPiSt6vectorIiSaIiEEEEliNS0_5__ops14_Iter_less_valEEvT_T0_SA_T1_RT2_
FN:214,_ZSt13__adjust_heapIN9__gnu_cxx17__normal_iteratorIPiSt6vectorIiSaIiEEEEliNS0_5__ops15_Iter_less_iterEEvT_T0_SA_T1_T2_
FNDA:910050,_ZSt13__adjust_heapIN9__gnu_cxx17__normal_iteratorIPiSt6vectorIiSaIiEEEEliNS0_5__ops15_Iter_less_iterEEvT_T0_SA_T1_T2_
FN:243,_ZSt10__pop_heapIN9__gnu_cxx17__normal_iteratorIPiSt6vectorIiSaIiEEEENS0_5__ops15_Iter_less_iterEEvT_S9_S9_RT0_
FNDA:606112,_ZSt10__pop_heapIN9__gnu_cxx17__normal_iteratorIPiSt6vectorIiSaIiEEEENS0_5__ops15_Iter_less_iterEEvT_S9_S9_RT0_
FN:326,_ZSt11__make_heapIN9__gnu_cxx17__normal_iteratorIPiSt6vectorIiSaIiEEEENS0_5__ops15_Iter_less_iterEEvT_S9_RT0_
FNDA:3474,_ZSt11__make_heapIN9__gnu_cxx17__normal_iteratorIPiSt6vectorIiSaIiEEEENS0_5__ops15_Iter_less_iterEEvT_S9_RT0_
FN:402,_ZSt11__sort_heapIN9__gnu_cxx17__normal_iteratorIPiSt6vectorIiSaIiEEEENS0_5__ops15_Iter_less_iterEEvT_S9_RT0_
FNDA:3474,_ZSt11__sort_heapIN9__gnu_cxx17__normal_iteratorIPiSt6vectorIiSaIiEEEENS0_5__ops15_Iter_less_iterEEvT_S9_RT0_
DA:128,910050
DA:132,910050
DA:133,961357
BRDA:133,0,0,954723
BRDA:133,0,1,6634
BRDA:133,0,2,51307
BRDA:133,0,3,903416
BRDA:133,0,4,51307
BRDA:133,0,5,910050
DA:135,51307
DA:136,51307
DA:137,51307
DA:139,910050
DA:140,910050
DA:214,910050
DA:217,910050
DA:218,910050
DA:219,4921260
BRDA:219,0,0,4011220
BRDA:219,0,1,910050
DA:221,4011220
DA:222,4011220
BRDA:222,0,0,2040210
BRDA:222,0,1,1971010
DA:224,2040210
DA:225,4011220
DA:226,4011220
DA:228,910050
BRDA:228,0,0,457800
BRDA:228,0,1,452250
BRDA:228,0,2,39610
BRDA:228,0,3,418190
DA:230,39610
DA:231,39610
DA:233,39610
DA:236,910050
DA:237,910050
BRDA:237,0,0,910050
BRDA:237,0,1,0
DA:238,910050
DA:239,910050
DA:243,606112
DA:251,606112
DA:252,606112
DA:253,606112
BRDA:253,0,0,606112
BRDA:253,0,1,0
DA:254,606112
DA:255,606112
DA:256,606112
DA:326,3474
DA:334,3474
BRDA:334,0,0,0
BRDA:334,0,1,3474
DA:335,0
DA:337,3474
DA:338,3474
DA:339,300464
DA:341,303938
DA:342,303938
BRDA:342,0,0,303938
BRDA:342,0,1,0
DA:344,303938
BRDA:344,0,0,3474
BRDA:344,0,1,300464
DA:345,3474
DA:346,300464
DA:402,609586
DA:405,609586
BRDA:405,0,0,606112
BRDA:405,0,1,3474
DA:407,606112
DA:408,606112
DA:410,3474
end_of_record
SF:/usr/include/c++/9/bits/stl_algobase.h
FN:123,_ZSt9iter_swapIN9__gnu_cxx17__normal_iteratorIPiSt6vectorIiSaIiEEEES6_EvT_T0_
FNDA:233298,_ZSt9iter_swapIN9__gnu_cxx17__normal_iteratorIPiSt6vectorIiSaIiEEEES6_EvT_T0_
FN:198,_ZSt3minImERKT_S2_S2_
FNDA:203,_ZSt3minImERKT_S2_S2_
FN:222,_ZSt3maxImERKT_S2_S2_
FNDA:47,_ZSt3maxImERKT_S2_S2_
FN:280,_ZSt12__niter_baseIPPN4mipt8LogEntryIiEEET_S5_
FNDA:36,_ZSt12__niter_baseIPPN4mipt8LogEntryIiEEET_S5_
FN:280,_ZSt12__niter_baseIPiET_S1_
FNDA:393,_ZSt12__niter_baseIPiET_S1_
FN:280,_ZSt12__niter_baseIPN4mipt8LogEntryIiEEET_S4_
FNDA:36,_ZSt12__niter_baseIPN4mipt8LogEntryIiEEET_S4_
FN:289,_ZSt12__niter_wrapIN9__gnu_cxx17__normal_iteratorIPiSt6vectorIiSaIiEEEES2_ET_S7_T0_
FNDA:8999,_ZSt12__niter_wrapIN9__gnu_cxx17__normal_iteratorIPiSt6vectorIiSaIiEEEES2_ET_S7_T0_
FN:295,_ZSt12__niter_wrapIPiET_RKS1_S1_
FNDA:18,_ZSt12__niter_wrapIPiET_RKS1_S1_
FN:375,_ZNSt11__copy_moveILb1ELb1ESt26random_access_iterator_tagE8__copy_mIiEEPT_PKS3_S6_S4_
FNDA:3345,_ZNSt11__copy_moveILb1ELb1ESt26random_access_iterator_tagE8__copy_mIiEEPT_PKS3_S6_S4_
FN:393,_ZSt13__copy_move_aILb1EPiS0_ET1_T0_S2_S1_
FNDA:3345,_ZSt13__copy_move_aILb1EPiS0_ET1_T0_S2_S1_
FN:438,_ZSt14__copy_move_a2ILb1EN9__gnu_cxx17__normal_iteratorIPiSt6vectorIiSaIiEEEES6_ET1_T0_S8_S7_
FNDA:3345,_ZSt14__copy_move_a2ILb1EN9__gnu_cxx17__normal_iteratorIPiSt6vectorIiSaIiEEEES6_ET1_T0_S8_S7_
FN:497,_ZSt4moveIN9__gnu_cxx17__normal_iteratorIPiSt6vectorIiSaIiEEEES6_ET0_T_S8_S7_
FNDA:3345,_ZSt4moveIN9__gnu_cxx17__normal_iteratorIPiSt6vectorIiSaIiEEEES6_ET0_T_S8_S7_
FN:577,_ZNSt20__copy_move_backwardILb1ELb1ESt26random_access_iterator_tagE13__copy_move_bIiEEPT_PKS3_S6_S4_
FNDA:5654,_ZNSt20__copy_move_backwardILb1ELb1ESt26random_access_iterator_tagE13__copy_move_bIiEEPT_PKS3_S6_S4_
FN:595,_ZSt22__copy_move_backward_aILb1EPiS0_ET1_T0_S2_S1_
FNDA:5654,_ZSt22__copy_move_backward_aILb1EPiS0_ET1_T0_S2_S1_
FN:613,_ZSt23__copy_move_backward_a2ILb1EN9__gnu_cxx17__normal_iteratorIPiSt6vectorIiSaIiEEEES6_ET1_T0_S8_S7_
FNDA:5654,_ZSt23__copy_move_backward_a2ILb1EN9__gnu_cxx17__normal_iteratorIPiSt6vectorIiSaIiEEEES6_ET1_T0_S8_S7_
FN:676,_ZSt13move_backwardIN9__gnu_cxx17__normal_iteratorIPiSt6vectorIiSaIiEEEES6_ET0_T_S8_S7_
FNDA:5654,_ZSt13move_backwardIN9__gnu_cxx17__normal_iteratorIPiSt6vectorIiSaIiEEEES6_ET0_T_S8_S7_
FN:767,_ZSt10__fill_n_aIPimiEN9__gnu_cxx11__enable_ifIXsrSt11__is_scalarIT1_E7__valueET_E6__typeES6_T0_RKS4_
FNDA:18,_ZSt10__fill_n_aIPimiEN9__gnu_cxx11__enable_ifIXsrSt11__is_scalarIT1_E7__valueET_E6__typeES6_T0_RKS4_
FN:802,_ZSt6fill_nIPimiET_S1_T0_RKT1_
FNDA:18,_ZSt6fill_nIPimiET_S1_T0_RKT1_
FN:966,_ZSt13__lower_boundIN9__gnu_cxx17__normal_iteratorIPiSt6vectorIiSaIiEEEEiNS0_5__ops14_Iter_less_valEET_S9_S9_RKT0_T1_
FNDA:5340,_ZSt13__lower_boundIN9__gnu_cxx17__normal_iteratorIPiSt6vectorIiSaIiEEEEiNS0_5__ops14_Iter_less_valEET_S9_S9_RKT0_T1_
FN:966,_ZSt13__lower_boundIN9__gnu_cxx17__normal_iteratorIPKiSt6vectorIiSaIiEEEEiNS0_5__ops14_Iter_less_valEET_SA_SA_RKT0_T1_
FNDA:18413,_ZSt13__lower_boundIN9__gnu_cxx17__normal_iteratorIPKiSt6vectorIiSaIiEEEEiNS0_5__ops14_Iter_less_valEET_SA_SA_RKT0_T1_
FN:1004,_ZSt11lower_boundIN9__gnu_cxx17__normal_iteratorIPKiSt6vectorIiSaIiEEEEiET_S8_S8_RKT0_
FNDA:18413,_ZSt11lower_boundIN9__gnu_cxx17__normal_iteratorIPKiSt6vectorIiSaIiEEEEiET_S8_S8_RKT0_
FN:1004,_ZSt11lower_boundIN9__gnu_cxx17__normal_iteratorIPiSt6vectorIiSaIiEEEEiET_S7_S7_RKT0_
FNDA:5340,_ZSt11lower_boundIN9__gnu_cxx17__normal_iteratorIPiSt6vectorIiSaIiEEEEiET_S7_S7_RKT0_
FN:1028,_ZSt4__lgl
FNDA:5435,_ZSt4__lgl
DA:123,233298
DA:151,233298
DA:153,233298
DA:198,203
DA:203,203
BRDA:203,0,0,0
BRDA:203,0,1,203
DA:204,0
DA:205,203
DA:222,47
DA:227,47
BRDA:227,0,0,20
BRDA:227,0,1,27
DA:228,20
DA:229,27
DA:280,36
DA:282,36
DA:280,36
DA:282,36
DA:280,393
DA:282,393
DA:289,8999
DA:290,8999
DA:295,18
DA:296,18
DA:375,3345
DA:384,3345
DA:385,3345
BRDA:385,0,0,3345
BRDA:385,0,1,0
DA:386,3345
DA:387,3345
DA:393,3345
DA:398,3345
DA:404,3345
DA:438,3345
DA:440,3345
DA:443,3345
DA:497,3345
DA:505,3345
DA:506,3345
DA:577,5654
DA:586,5654
DA:587,5654
BRDA:587,0,0,5654
BRDA:587,0,1,0
DA:588,5654
DA:589,5654
DA:595,5654
DA:600,5654
DA:606,5654
DA:608,5654
DA:613,5654
DA:615,5654
DA:618,5654
DA:676,5654
DA:686,5654
DA:688,5654
DA:767,18
DA:769,18
DA:770,18
DA:771,7199
BRDA:771,0,0,7181
BRDA:771,0,1,18
DA:772,7181
DA:773,18
DA:802,18
DA:808,18
DA:809,18
DA:966,18413
DA:972,18413
DA:974,168177
BRDA:974,0,0,149764
BRDA:974,0,1,18413
DA:976,149764
DA:977,149764
DA:978,149764
BRDA:978,0,0,149764
BRDA:978,0,1,0
DA:979,149764
BRDA:979,0,0,72609
BRDA:979,0,1,77155
DA:981,72609
DA:982,72609
DA:983,72609
DA:986,77155
DA:988,18413
DA:966,5340
DA:972,5340
DA:974,46693
BRDA:974,0,0,41353
BRDA:974,0,1,5340
DA:976,41353
DA:977,41353
DA:978,41353
BRDA:978,0,0,41353
BRDA:978,0,1,0
DA:979,41353
BRDA:979,0,0,19856
BRDA:979,0,1,21497
DA:981,19856
DA:982,19856
DA:983,19856
DA:986,21497
DA:988,5340
DA:1004,18413
DA:1013,18413
DA:1014,36826
DA:1004,5340
DA:1013,5340
DA:1014,10680
DA:1028,5435
DA:1029,5435
end_of_record
SF:/usr/include/c++/9/tuple
FN:113,_ZNSt10_Head_baseILm1ESt14default_deleteINSt7__cxx1112basic_stringIcSt11char_traitsIcESaIcEEEELb1EE7_M_headERS8_
FNDA:0,_ZNSt10_Head_baseILm1ESt14default_deleteINSt7__cxx1112basic_stringIcSt11char_traitsIcESaIcEEEELb1EE7_M_headERS8_
FN:113,_ZNSt10_Head_baseILm1ESt14default_deleteINSt7__cxx1118basic_stringstreamIcSt11char_traitsIcESaIcEEEELb1EE7_M_headERS8_
FNDA:0,_ZNSt10_Head_baseILm1ESt14default_deleteINSt7__cxx1118basic_stringstreamIcSt11char_traitsIcESaIcEEEELb1EE7_M_headERS8_
FN:113,_ZNSt10_Head_baseILm1ENSt10filesystem7__cxx114path5_List13_Impl_deleterELb1EE7_M_headERS5_
FNDA:753,_ZNSt10_Head_baseILm1ENSt10filesystem7__cxx114path5_List13_Impl_deleterELb1EE7_M_headERS5_
FN:160,_ZNSt10_Head_baseILm0EPNSt10filesystem7__cxx114path5_List5_ImplELb0EE7_M_headERS6_
FNDA:753,_ZNSt10_Head_baseILm0EPNSt10filesystem7__cxx114path5_List5_ImplELb0EE7_M_headERS6_
FN:160,_ZNSt10_Head_baseILm0EPNSt7__cxx1112basic_stringIcSt11char_traitsIcESaIcEEELb0EE7_M_headERS7_
FNDA:21208,_ZNSt10_Head_baseILm0EPNSt7__cxx1112basic_stringIcSt11char_traitsIcESaIcEEELb0EE7_M_headERS7_
FN:160,_ZNSt10_Head_baseILm0EPNSt7__cxx1118basic_stringstreamIcSt11char_traitsIcESaIcEEELb0EE7_M_headERS7_
FNDA:0,_ZNSt10_Head_baseILm0EPNSt7__cxx1118basic_stringstreamIcSt11char_traitsIcESaIcEEELb0EE7_M_headERS7_
FN:163,_ZNSt10_Head_baseILm0EPNSt7__cxx1112basic_stringIcSt11char_traitsIcESaIcEEELb0EE7_M_headERKS7_
FNDA:0,_ZNSt10_Head_baseILm0EPNSt7__cxx1112basic_stringIcSt11char_traitsIcESaIcEEELb0EE7_M_headERKS7_
FN:195,_ZNSt11_Tuple_implILm0EJPNSt7__cxx1118basic_stringstreamIcSt11char_traitsIcESaIcEEESt14default_deleteIS5_EEE7_M_headERS9_
FNDA:0,_ZNSt11_Tuple_implILm0EJPNSt7__cxx1118basic_stringstreamIcSt11char_traitsIcESaIcEEESt14default_deleteIS5_EEE7_M_headERS9_
FN:195,_ZNSt11_Tuple_implILm0EJPNSt7__cxx1112basic_stringIcSt11char_traitsIcESaIcEEESt14default_deleteIS5_EEE7_M_headERS9_
FNDA:21208,_ZNSt11_Tuple_implILm0EJPNSt7__cxx1112basic_stringIcSt11char_traitsIcESaIcEEESt14default_deleteIS5_EEE7_M_headERS9_
FN:195,_ZNSt11_Tuple_implILm0EJPNSt10filesystem7__cxx114path5_List5_ImplENS3_13_Impl_deleterEEE7_M_headERS7_
FNDA:753,_ZNSt11_Tuple_implILm0EJPNSt10filesystem7__cxx114path5_List5_ImplENS3_13_Impl_deleterEEE7_M_headERS7_
FN:198,_ZNSt11_Tuple_implILm0EJPNSt7__cxx1112basic_stringIcSt11char_traitsIcESaIcEEESt14default_deleteIS5_EEE7_M_headERKS9_
FNDA:0,_ZNSt11_Tuple_implILm0EJPNSt7__cxx1112basic_stringIcSt11char_traitsIcESaIcEEESt14default_deleteIS5_EEE7_M_headERKS9_
FN:334,_ZNSt11_Tuple_implILm1EJSt14default_deleteINSt7__cxx1118basic_stringstreamIcSt11char_traitsIcESaIcEEEEEE7_M_headERS8_
FNDA:0,_ZNSt11_Tuple_implILm1EJSt14default_deleteINSt7__cxx1118basic_stringstreamIcSt11char_traitsIcESaIcEEEEEE7_M_headERS8_
FN:334,_ZNSt11_Tuple_implILm1EJSt14default_deleteINSt7__cxx1112basic_stringIcSt11char_traitsIcESaIcEEEEEE7_M_headERS8_
FNDA:0,_ZNSt11_Tuple_implILm1EJSt14default_deleteINSt7__cxx1112basic_stringIcSt11char_traitsIcESaIcEEEEEE7_M_headERS8_
FN:334,_ZNSt11_Tuple_implILm1EJNSt10filesystem7__cxx114path5_List13_Impl_deleterEEE7_M_headERS5_
FNDA:753,_ZNSt11_Tuple_implILm1EJNSt10filesystem7__cxx114path5_List13_Impl_deleterEEE7_M_headERS5_
FN:1309,_ZSt12__get_helperILm1ESt14default_deleteINSt7__cxx1112basic_stringIcSt11char_traitsIcESaIcEEEEJEERT0_RSt11_Tuple_implIXT_EJS8_DpT1_EE
FNDA:0,_ZSt12__get_helperILm1ESt14default_deleteINSt7__cxx1112basic_stringIcSt11char_traitsIcESaIcEEEEJEERT0_RSt11_Tuple_implIXT_EJS8_DpT1_EE
FN:1309,_ZSt12__get_helperILm1ESt14default_deleteINSt7__cxx1118basic_stringstreamIcSt11char_traitsIcESaIcEEEEJEERT0_RSt11_Tuple_implIXT_EJS8_DpT1_EE
FNDA:0,_ZSt12__get_helperILm1ESt14default_deleteINSt7__cxx1118basic_stringstreamIcSt11char_traitsIcESaIcEEEEJEERT0_RSt11_Tuple_implIXT_EJS8_DpT1_EE
FN:1309,_ZSt12__get_helperILm1ENSt10filesystem7__cxx114path5_List13_Impl_deleterEJEERT0_RSt11_Tuple_implIXT_EJS5_DpT1_EE
FNDA:753,_ZSt12__get_helperILm1ENSt10filesystem7__cxx114path5_List13_Impl_deleterEJEERT0_RSt11_Tuple_implIXT_EJS5_DpT1_EE
FN:1309,_ZSt12__get_helperILm0EPNSt10filesystem7__cxx114path5_List5_ImplEJNS3_13_Impl_deleterEEERT0_RSt11_Tuple_implIXT_EJS7_DpT1_EE
FNDA:753,_ZSt12__get_helperILm0EPNSt10filesystem7__cxx114path5_List5_ImplEJNS3_13_Impl_deleterEEERT0_RSt11_Tuple_implIXT_EJS7_DpT1_EE
FN:1309,_ZSt12__get_helperILm0EPNSt7__cxx1112basic_stringIcSt11char_traitsIcESaIcEEEJSt14default_deleteIS5_EEERT0_RSt11_Tuple_implIXT_EJS9_DpT1_EE
FNDA:21208,_ZSt12__get_helperILm0EPNSt7__cxx1112basic_stringIcSt11char_traitsIcESaIcEEEJSt14default_deleteIS5_EEERT0_RSt11_Tuple_implIXT_EJS9_DpT1_EE
FN:1309,_ZSt12__get_helperILm0EPNSt7__cxx1118basic_stringstreamIcSt11char_traitsIcESaIcEEEJSt14default_deleteIS5_EEERT0_RSt11_Tuple_implIXT_EJS9_DpT1_EE
FNDA:0,_ZSt12__get_helperILm0EPNSt7__cxx1118basic_stringstreamIcSt11char_traitsIcESaIcEEEJSt14default_deleteIS5_EEERT0_RSt11_Tuple_implIXT_EJS9_DpT1_EE
FN:1314,_ZSt12__get_helperILm0EPNSt7__cxx1112basic_stringIcSt11char_traitsIcESaIcEEEJSt14default_deleteIS5_EEERKT0_RKSt11_Tuple_implIXT_EJS9_DpT1_EE
FNDA:0,_ZSt12__get_helperILm0EPNSt7__cxx1112basic_stringIcSt11char_traitsIcESaIcEEEJSt14default_deleteIS5_EEERKT0_RKSt11_Tuple_implIXT_EJS9_DpT1_EE
FN:1320,_ZSt3getILm0EJPNSt7__cxx1118basic_stringstreamIcSt11char_traitsIcESaIcEEESt14default_deleteIS5_EEERNSt13tuple_elementIXT_ESt5tupleIJDpT0_EEE4typeERSD_
FNDA:0,_ZSt3getILm0EJPNSt7__cxx1118basic_stringstreamIcSt11char_traitsIcESaIcEEESt14default_deleteIS5_EEERNSt13tuple_elementIXT_ESt5tupleIJDpT0_EEE4typeERSD_
FN:1320,_ZSt3getILm0EJPNSt7__cxx1112basic_stringIcSt11char_traitsIcESaIcEEESt14default_deleteIS5_EEERNSt13tuple_elementIXT_ESt5tupleIJDpT0_EEE4typeERSD_
FNDA:21208,_ZSt3getILm0EJPNSt7__cxx1112basic_stringIcSt11char_traitsIcESaIcEEESt14default_deleteIS5_EEERNSt13tuple_elementIXT_ESt5tupleIJDpT0_EEE4typeERSD_
FN:1320,_ZSt3getILm0EJPNSt10filesystem7__cxx114path5_List5_ImplENS3_13_Impl_deleterEEERNSt13tuple_elementIXT_ESt5tupleIJDpT0_EEE4typeERSB_
FNDA:753,_ZSt3getILm0EJPNSt10filesystem7__cxx114path5_List5_ImplENS3_13_Impl_deleterEEERNSt13tuple_elementIXT_ESt5tupleIJDpT0_EEE4typeERSB_
FN:1320,_ZSt3getILm1EJPNSt7__cxx1118basic_stringstreamIcSt11char_traitsIcESaIcEEESt14default_deleteIS5_EEERNSt13tuple_elementIXT_ESt5tupleIJDpT0_EEE4typeERSD_
FNDA:0,_ZSt3getILm1EJPNSt7__cxx1118basic_stringstreamIcSt11char_traitsIcESaIcEEESt14default_deleteIS5_EEERNSt13tuple_elementIXT_ESt5tupleIJDpT0_EEE4typeERSD_
FN:1320,_ZSt3getILm1EJPNSt7__cxx1112basic_stringIcSt11char_traitsIcESaIcEEESt14default_deleteIS5_EEERNSt13tuple_elementIXT_ESt5tupleIJDpT0_EEE4typeERSD_
FNDA:0,_ZSt3getILm1EJPNSt7__cxx1112basic_stringIcSt11char_traitsIcESaIcEEESt14default_deleteIS5_EEERNSt13tuple_elementIXT_ESt5tupleIJDpT0_EEE4typeERSD_
FN:1320,_ZSt3getILm1EJPNSt10filesystem7__cxx114path5_List5_ImplENS3_13_Impl_deleterEEERNSt13tuple_elementIXT_ESt5tupleIJDpT0_EEE4typeERSB_
FNDA:753,_ZSt3getILm1EJPNSt10filesystem7__cxx114path5_List5_ImplENS3_13_Impl_deleterEEERNSt13tuple_elementIXT_ESt5tupleIJDpT0_EEE4typeERSB_
FN:1326,_ZSt3getILm0EJPNSt7__cxx1112basic_stringIcSt11char_traitsIcESaIcEEESt14default_deleteIS5_EEERKNSt13tuple_elementIXT_ESt5tupleIJDpT0_EEE4typeERKSD_
FNDA:0,_ZSt3getILm0EJPNSt7__cxx1112basic_stringIcSt11char_traitsIcESaIcEEESt14default_deleteIS5_EEERKNSt13tuple_elementIXT_ESt5tupleIJDpT0_EEE4typeERKSD_
DA:113,753
DA:113,0
DA:113,0
DA:160,753
DA:160,21208
DA:160,0
DA:163,0
DA:195,753
DA:195,21208
DA:195,0
DA:198,0
DA:334,753
DA:334,0
DA:334,0
DA:1309,753
DA:1310,753
DA:1309,0
DA:1310,0
DA:1309,0
DA:1310,0
DA:1309,753
DA:1310,753
DA:1309,21208
DA:1310,21208
DA:1309,0
DA:1310,0
DA:1314,0
DA:1315,0
DA:1320,753
DA:1321,753
DA:1320,0
DA:1321,0
DA:1320,0
DA:1321,0
DA:1320,753
DA:1321,753
DA:1320,21208
DA:1321,21208
DA:1320,0
DA:1321,0
DA:1326,0
DA:1327,0
end_of_record
SF:/usr/include/c++/9/bits/fs_path.h
FN:125,_ZNSt10filesystem7__cxx114path14_S_range_beginIPKcEET_S5_
FNDA:57,_ZNSt10filesystem7__cxx114path14_S_range_beginIPKcEET_S5_
FN:131,_ZNSt10filesystem7__cxx114path12_S_range_endIPKcEENS1_17__null_terminatedET_
FNDA:57,_ZNSt10filesystem7__cxx114path12_S_range_endIPKcEENS1_17__null_terminatedET_
FN:145,_ZNSt10filesystem7__cxx114path14_S_range_beginIcSt11char_traitsIcEEEPKT_RKSt17basic_string_viewIS5_T0_E
FNDA:25,_ZNSt10filesystem7__cxx114path14_S_range_beginIcSt11char_traitsIcEEEPKT_RKSt17basic_string_viewIS5_T0_E
FN:150,_ZNSt10filesystem7__cxx114path12_S_range_endIcSt11char_traitsIcEEEPKT_RKSt17basic_string_viewIS5_T0_E
FNDA:25,_ZNSt10filesystem7__cxx114path12_S_range_endIcSt11char_traitsIcEEEPKT_RKSt17basic_string_viewIS5_T0_E
FN:175,_ZNSt10filesystem7__cxx114pathC2ERKS1_
FNDA:373,_ZNSt10filesystem7__cxx114pathC2ERKS1_
FN:185,_ZNSt10filesystem7__cxx114pathC2EONSt7__cxx1112basic_stringIcSt11char_traitsIcESaIcEEENS1_6formatE
FNDA:298,_ZNSt10filesystem7__cxx114pathC2EONSt7__cxx1112basic_stringIcSt11char_traitsIcESaIcEEENS1_6formatE
FN:191,_ZNSt10filesystem7__cxx114pathC2IA4_cS1_EERKT_NS1_6formatE
FNDA:50,_ZNSt10filesystem7__cxx114pathC2IA4_cS1_EERKT_NS1_6formatE
FN:191,_ZNSt10filesystem7__cxx114pathC2ISt17basic_string_viewIcSt11char_traitsIcEES1_EERKT_NS1_6formatE
FNDA:25,_ZNSt10filesystem7__cxx114pathC2ISt17basic_string_viewIcSt11char_traitsIcEES1_EERKT_NS1_6formatE
FN:191,_ZNSt10filesystem7__cxx114pathC2IA10_cS1_EERKT_NS1_6formatE
FNDA:7,_ZNSt10filesystem7__cxx114pathC2IA10_cS1_EERKT_NS1_6formatE
FN:218,_ZNSt10filesystem7__cxx114pathD2Ev
FNDA:753,_ZNSt10filesystem7__cxx114pathD2Ev
FN:316,_ZNKSt10filesystem7__cxx114path5c_strEv
FNDA:109,_ZNKSt10filesystem7__cxx114path5c_strEv
FN:447,_ZNSt10filesystem7__cxx11dvERKNS0_4pathES3_
FNDA:348,_ZNSt10filesystem7__cxx11dvERKNS0_4pathES3_
FN:495,_ZNSt10filesystem7__cxx114path10_S_convertEPKcNS1_17__null_terminatedE
FNDA:57,_ZNSt10filesystem7__cxx114path10_S_convertEPKcNS1_17__null_terminatedE
FN:503,_ZNSt10filesystem7__cxx114path10_S_convertEPKcS3_
FNDA:25,_ZNSt10filesystem7__cxx114path10_S_convertEPKcS3_
FN:569,_ZNSt10filesystem7__cxx114path5_ListD2Ev
FNDA:753,_ZNSt10filesystem7__cxx114path5_ListD2Ev
DA:125,57
DA:131,57
DA:145,25
DA:146,25
DA:150,25
DA:151,25
DA:175,373
BRDA:175,0,0,373
BRDA:175,0,1,0
DA:185,298
DA:186,298
BRDA:186,0,0,298
BRDA:186,0,1,0
DA:187,298
BRDA:187,0,0,298
BRDA:187,0,1,0
DA:191,50
DA:192,50
DA:193,100
BRDA:193,0,0,50
BRDA:193,0,1,0
BRDA:193,0,2,50
BRDA:193,0,3,0
DA:194,50
BRDA:194,0,0,50
BRDA:194,0,1,0
DA:191,25
DA:192,25
DA:193,50
BRDA:193,0,0,25
BRDA:193,0,1,0
BRDA:193,0,2,25
BRDA:193,0,3,0
DA:194,25
BRDA:194,0,0,25
BRDA:194,0,1,0
DA:191,7
DA:192,7
DA:193,14
BRDA:193,0,0,7
BRDA:193,0,1,0
BRDA:193,0,2,7
BRDA:193,0,3,0
DA:194,7
BRDA:194,0,0,7
BRDA:194,0,1,0
DA:218,753
DA:316,109
DA:447,348
DA:449,348
DA:450,348
BRDA:450,0,0,348
BRDA:450,0,1,0
DA:451,348
DA:495,57
DA:496,57
DA:503,25
DA:504,25
DA:569,753
end_of_record
SF:/usr/include/c++/9/bits/stl_iterator.h
FN:806,_ZN9__gnu_cxx17__normal_iteratorIPiSt6vectorIiSaIiEEEC2ERKS1_
FNDA:19050100,_ZN9__gnu_cxx17__normal_iteratorIPiSt6vectorIiSaIiEEEC2ERKS1_
FN:806,_ZN9__gnu_cxx17__normal_iteratorIPKiSt6vectorIiSaIiEEEC2ERKS2_
FNDA:58607,_ZN9__gnu_cxx17__normal_iteratorIPKiSt6vectorIiSaIiEEEC2ERKS2_
FN:806,_ZN9__gnu_cxx17__normal_iteratorIPPN4mipt8LogEntryIiEESt6vectorIS4_SaIS4_EEEC2ERKS5_
FNDA:1290,_ZN9__gnu_cxx17__normal_iteratorIPPN4mipt8LogEntryIiEESt6vectorIS4_SaIS4_EEEC2ERKS5_
FN:806,_ZN9__gnu_cxx17__normal_iteratorIPN4mipt8LogEntryIiEESt6vectorIS3_SaIS3_EEEC2ERKS4_
FNDA:0,_ZN9__gnu_cxx17__normal_iteratorIPN4mipt8LogEntryIiEESt6vectorIS3_SaIS3_EEEC2ERKS4_
FN:811,_ZN9__gnu_cxx17__normal_iteratorIPKiSt6vectorIiSaIiEEEC2IPiEERKNS0_IT_NS_11__enable_ifIXsrSt10__are_sameIS9_S8_E7__valueES5_E6__typeEEE
FNDA:3368,_ZN9__gnu_cxx17__normal_iteratorIPKiSt6vectorIiSaIiEEEC2IPiEERKNS0_IT_NS_11__enable_ifIXsrSt10__are_sameIS9_S8_E7__valueES5_E6__typeEEE
FN:819,_ZNK9__gnu_cxx17__normal_iteratorIPiSt6vectorIiSaIiEEEdeEv
FNDA:62630800,_ZNK9__gnu_cxx17__normal_iteratorIPiSt6vectorIiSaIiEEEdeEv
FN:819,_ZNK9__gnu_cxx17__normal_iteratorIPKiSt6vectorIiSaIiEEEdeEv
FNDA:167956,_ZNK9__gnu_cxx17__normal_iteratorIPKiSt6vectorIiSaIiEEEdeEv
FN:819,_ZNK9__gnu_cxx17__normal_iteratorIPPN4mipt8LogEntryIiEESt6vectorIS4_SaIS4_EEEdeEv
FNDA:1266,_ZNK9__gnu_cxx17__normal_iteratorIPPN4mipt8LogEntryIiEESt6vectorIS4_SaIS4_EEEdeEv
FN:827,_ZN9__gnu_cxx17__normal_iteratorIPPN4mipt8LogEntryIiEESt6vectorIS4_SaIS4_EEEppEv
FNDA:633,_ZN9__gnu_cxx17__normal_iteratorIPPN4mipt8LogEntryIiEESt6vectorIS4_SaIS4_EEEppEv
FN:827,_ZN9__gnu_cxx17__normal_iteratorIPiSt6vectorIiSaIiEEEppEv
FNDA:3811950,_ZN9__gnu_cxx17__normal_iteratorIPiSt6vectorIiSaIiEEEppEv
FN:827,_ZN9__gnu_cxx17__normal_iteratorIPKiSt6vectorIiSaIiEEEppEv
FNDA:72609,_ZN9__gnu_cxx17__normal_iteratorIPKiSt6vectorIiSaIiEEEppEv
FN:839,_ZN9__gnu_cxx17__normal_iteratorIPiSt6vectorIiSaIiEEEmmEv
FNDA:17528900,_ZN9__gnu_cxx17__normal_iteratorIPiSt6vectorIiSaIiEEEmmEv
FN:855,_ZN9__gnu_cxx17__normal_iteratorIPKiSt6vectorIiSaIiEEEpLEl
FNDA:149764,_ZN9__gnu_cxx17__normal_iteratorIPKiSt6vectorIiSaIiEEEpLEl
FN:855,_ZN9__gnu_cxx17__normal_iteratorIPiSt6vectorIiSaIiEEEpLEl
FNDA:41353,_ZN9__gnu_cxx17__normal_iteratorIPiSt6vectorIiSaIiEEEpLEl
FN:859,_ZNK9__gnu_cxx17__normal_iteratorIPiSt6vectorIiSaIiEEEplEl
FNDA:18868700,_ZNK9__gnu_cxx17__normal_iteratorIPiSt6vectorIiSaIiEEEplEl
FN:867,_ZNK9__gnu_cxx17__normal_iteratorIPiSt6vectorIiSaIiEEEmiEl
FNDA:144386,_ZNK9__gnu_cxx17__normal_iteratorIPiSt6vectorIiSaIiEEEmiEl
FN:867,_ZNK9__gnu_cxx17__normal_iteratorIPPN4mipt8LogEntryIiEESt6vectorIS4_SaIS4_EEEmiEl
FNDA:633,_ZNK9__gnu_cxx17__normal_iteratorIPPN4mipt8LogEntryIiEESt6vectorIS4_SaIS4_EEEmiEl
FN:871,_ZNK9__gnu_cxx17__normal_iteratorIPN4mipt8LogEntryIiEESt6vectorIS3_SaIS3_EEE4baseEv
FNDA:0,_ZNK9__gnu_cxx17__normal_iteratorIPN4mipt8LogEntryIiEESt6vectorIS3_SaIS3_EEE4baseEv
FN:871,_ZNK9__gnu_cxx17__normal_iteratorIPPN4mipt8LogEntryIiEESt6vectorIS4_SaIS4_EEE4baseEv
FNDA:1290,_ZNK9__gnu_cxx17__normal_iteratorIPPN4mipt8LogEntryIiEESt6vectorIS4_SaIS4_EEE4baseEv
FN:871,_ZNK9__gnu_cxx17__normal_iteratorIPiSt6vectorIiSaIiEEE4baseEv
FNDA:7126880,_ZNK9__gnu_cxx17__normal_iteratorIPiSt6vectorIiSaIiEEE4baseEv
FN:871,_ZNK9__gnu_cxx17__normal_iteratorIPKiSt6vectorIiSaIiEEE4baseEv
FNDA:80388,_ZNK9__gnu_cxx17__normal_iteratorIPKiSt6vectorIiSaIiEEE4baseEv
FN:893,_ZN9__gnu_cxxeqIPiSt6vectorIiSaIiEEEEbRKNS_17__normal_iteratorIT_T0_EESA_
FNDA:10775,_ZN9__gnu_cxxeqIPiSt6vectorIiSaIiEEEEbRKNS_17__normal_iteratorIT_T0_EESA_
FN:893,_ZN9__gnu_cxxeqIPKiSt6vectorIiSaIiEEEEbRKNS_17__normal_iteratorIT_T0_EESB_
FNDA:18413,_ZN9__gnu_cxxeqIPKiSt6vectorIiSaIiEEEEbRKNS_17__normal_iteratorIT_T0_EESB_
FN:907,_ZN9__gnu_cxxneIPPN4mipt8LogEntryIiEESt6vectorIS4_SaIS4_EEEEbRKNS_17__normal_iteratorIT_T0_EESE_
FNDA:645,_ZN9__gnu_cxxneIPPN4mipt8LogEntryIiEESt6vectorIS4_SaIS4_EEEEbRKNS_17__normal_iteratorIT_T0_EESE_
FN:907,_ZN9__gnu_cxxneIPiSt6vectorIiSaIiEEEEbRKNS_17__normal_iteratorIT_T0_EESA_
FNDA:1618700,_ZN9__gnu_cxxneIPiSt6vectorIiSaIiEEEEbRKNS_17__normal_iteratorIT_T0_EESA_
FN:922,_ZN9__gnu_cxxltIPiSt6vectorIiSaIiEEEEbRKNS_17__normal_iteratorIT_T0_EESA_
FNDA:236772,_ZN9__gnu_cxxltIPiSt6vectorIiSaIiEEEEbRKNS_17__normal_iteratorIT_T0_EESA_
FN:989,_ZN9__gnu_cxxmiIPKiSt6vectorIiSaIiEEEENS_17__normal_iteratorIT_T0_E15difference_typeERKS9_SC_
FNDA:21781,_ZN9__gnu_cxxmiIPKiSt6vectorIiSaIiEEEENS_17__normal_iteratorIT_T0_E15difference_typeERKS9_SC_
FN:989,_ZN9__gnu_cxxmiIPPN4mipt8LogEntryIiEESt6vectorIS4_SaIS4_EEEENS_17__normal_iteratorIT_T0_E15difference_typeERKSC_SF_
FNDA:0,_ZN9__gnu_cxxmiIPPN4mipt8LogEntryIiEESt6vectorIS4_SaIS4_EEEENS_17__normal_iteratorIT_T0_E15difference_typeERKSC_SF_
FN:989,_ZN9__gnu_cxxmiIPiSt6vectorIiSaIiEEEENS_17__normal_iteratorIT_T0_E15difference_typeERKS8_SB_
FNDA:1677480,_ZN9__gnu_cxxmiIPiSt6vectorIiSaIiEEEENS_17__normal_iteratorIT_T0_E15difference_typeERKS8_SB_
FN:989,_ZN9__gnu_cxxmiIPN4mipt8LogEntryIiEESt6vectorIS3_SaIS3_EEEENS_17__normal_iteratorIT_T0_E15difference_typeERKSB_SE_
FNDA:0,_ZN9__gnu_cxxmiIPN4mipt8LogEntryIiEESt6vectorIS3_SaIS3_EEEENS_17__normal_iteratorIT_T0_E15difference_typeERKSB_SE_
FN:1010,_ZSt12__niter_baseIPiSt6vectorIiSaIiEEET_N9__gnu_cxx17__normal_iteratorIS4_T0_EE
FNDA:35996,_ZSt12__niter_baseIPiSt6vectorIiSaIiEEET_N9__gnu_cxx17__normal_iteratorIS4_T0_EE
DA:806,1290
DA:807,1290
DA:806,0
DA:807,0
DA:806,58607
DA:807,58607
DA:806,19050100
DA:807,19050100
DA:811,3368
DA:815,3368
DA:819,1266
DA:820,1266
DA:819,167956
DA:820,167956
DA:819,62630800
DA:820,62630800
DA:827,72609
DA:829,72609
DA:830,72609
DA:827,3811950
DA:829,3811950
DA:830,3811950
DA:827,633
DA:829,633
DA:830,633
DA:839,17528900
DA:841,17528900
DA:842,17528900
DA:855,149764
DA:856,149764
DA:855,41353
DA:856,41353
DA:859,18868700
DA:860,18868700
DA:867,144386
DA:868,144386
DA:867,633
DA:868,633
DA:871,1290
DA:872,1290
DA:871,0
DA:872,0
DA:871,80388
DA:872,80388
DA:871,7126880
DA:872,7126880
DA:893,18413
DA:896,18413
DA:893,10775
DA:896,10775
DA:907,1618700
DA:910,1618700
DA:907,645
DA:910,645
DA:922,236772
DA:925,236772
DA:989,0
DA:992,0
DA:989,0
DA:992,0
DA:989,1677480
DA:992,1677480
DA:989,21781
DA:992,21781
DA:1010,35996
DA:1012,35996
end_of_record
SF:/usr/include/c++/9/new
FN:173,_ZnwmPv
FNDA:14809,_ZnwmPv
DA:173,14809
DA:174,14809
end_of_record
SF:/usr/include/c++/9/bits/alloc_traits.h
FN:443,_ZNSt16allocator_traitsISaISt13_Rb_tree_nodeIiEEE8allocateERS2_m
FNDA:4054,_ZNSt16allocator_traitsISaISt13_Rb_tree_nodeIiEEE8allocateERS2_m
FN:443,_ZNSt16allocator_traitsISaIiEE8allocateERS0_m
FNDA:96,_ZNSt16allocator_traitsISaIiEE8allocateERS0_m
FN:443,_ZNSt16allocator_traitsISaIN4mipt8LogEntryIiEEEE8allocateERS3_m
FNDA:12,_ZNSt16allocator_traitsISaIN4mipt8LogEntryIiEEEE8allocateERS3_m
FN:443,_ZNSt16allocator_traitsISaIPN4mipt8LogEntryIiEEEE8allocateERS4_m
FNDA:12,_ZNSt16allocator_traitsISaIPN4mipt8LogEntryIiEEEE8allocateERS4_m
FN:469,_ZNSt16allocator_traitsISaIiEE10deallocateERS0_Pim
FNDA:96,_ZNSt16allocator_traitsISaIiEE10deallocateERS0_Pim
FN:469,_ZNSt16allocator_traitsISaISt13_Rb_tree_nodeIiEEE10deallocateERS2_PS1_m
FNDA:4054,_ZNSt16allocator_traitsISaISt13_Rb_tree_nodeIiEEE10deallocateERS2_PS1_m
FN:469,_ZNSt16allocator_traitsISaIN4mipt8LogEntryIiEEEE10deallocateERS3_PS2_m
FNDA:12,_ZNSt16allocator_traitsISaIN4mipt8LogEntryIiEEEE10deallocateERS3_PS2_m
FN:469,_ZNSt16allocator_traitsISaIPN4mipt8LogEntryIiEEEE10deallocateERS4_PS3_m
FNDA:12,_ZNSt16allocator_traitsISaIPN4mipt8LogEntryIiEEEE10deallocateERS4_PS3_m
FN:482,_ZNSt16allocator_traitsISaISt13_Rb_tree_nodeIiEEE9constructIiJRKiEEEvRS2_PT_DpOT0_
FNDA:4054,_ZNSt16allocator_traitsISaISt13_Rb_tree_nodeIiEEE9constructIiJRKiEEEvRS2_PT_DpOT0_
FN:482,_ZNSt16allocator_traitsISaIiEE9constructIiJRKiEEEvRS0_PT_DpOT0_
FNDA:5435,_ZNSt16allocator_traitsISaIiEE9constructIiJRKiEEEvRS0_PT_DpOT0_
FN:482,_ZNSt16allocator_traitsISaIN4mipt8LogEntryIiEEEE9constructIS2_JRKS2_EEEvRS3_PT_DpOT0_
FNDA:633,_ZNSt16allocator_traitsISaIN4mipt8LogEntryIiEEEE9constructIS2_JRKS2_EEEvRS3_PT_DpOT0_
FN:482,_ZNSt16allocator_traitsISaIPN4mipt8LogEntryIiEEEE9constructIS3_JS3_EEEvRS4_PT_DpOT0_
FNDA:633,_ZNSt16allocator_traitsISaIPN4mipt8LogEntryIiEEEE9constructIS3_JS3_EEEvRS4_PT_DpOT0_
FN:482,_ZNSt16allocator_traitsISaIN4mipt8LogEntryIiEEEE9constructIS2_JS2_EEEvRS3_PT_DpOT0_
FNDA:0,_ZNSt16allocator_traitsISaIN4mipt8LogEntryIiEEEE9constructIS2_JS2_EEEvRS3_PT_DpOT0_
FN:495,_ZNSt16allocator_traitsISaIN4mipt8LogEntryIiEEEE7destroyIS2_EEvRS3_PT_
FNDA:0,_ZNSt16allocator_traitsISaIN4mipt8LogEntryIiEEEE7destroyIS2_EEvRS3_PT_
FN:495,_ZNSt16allocator_traitsISaIiEE7destroyIiEEvRS0_PT_
FNDA:3368,_ZNSt16allocator_traitsISaIiEE7destroyIiEEvRS0_PT_
FN:495,_ZNSt16allocator_traitsISaISt13_Rb_tree_nodeIiEEE7destroyIiEEvRS2_PT_
FNDA:4054,_ZNSt16allocator_traitsISaISt13_Rb_tree_nodeIiEEE7destroyIiEEvRS2_PT_
FN:505,_ZNSt16allocator_traitsISaIiEE8max_sizeERKS0_
FNDA:179,_ZNSt16allocator_traitsISaIiEE8max_sizeERKS0_
FN:505,_ZNSt16allocator_traitsISaIN4mipt8LogEntryIiEEEE8max_sizeERKS3_
FNDA:12,_ZNSt16allocator_traitsISaIN4mipt8LogEntryIiEEEE8max_sizeERKS3_
FN:505,_ZNSt16allocator_traitsISaIPN4mipt8LogEntryIiEEEE8max_sizeERKS4_
FNDA:12,_ZNSt16allocator_traitsISaIPN4mipt8LogEntryIiEEEE8max_sizeERKS4_
FN:514,_ZNSt16allocator_traitsISaIcEE37select_on_container_copy_constructionERKS0_
FNDA:0,_ZNSt16allocator_traitsISaIcEE37select_on_container_copy_constructionERKS0_
DA:443,4054
DA:444,4054
DA:443,12
DA:444,12
DA:443,12
DA:444,12
DA:443,96
DA:444,96
DA:469,4054
DA:470,4054
DA:469,12
DA:470,12
DA:469,12
DA:470,12
DA:469,96
DA:470,96
DA:482,0
DA:484,0
DA:482,4054
DA:484,4054
DA:482,633
DA:484,633
DA:482,633
DA:484,633
DA:482,5435
DA:484,5435
DA:495,4054
DA:497,4054
DA:495,0
DA:497,0
DA:495,3368
DA:497,3368
DA:505,12
DA:506,12
DA:505,12
DA:506,12
DA:505,179
DA:506,179
DA:514,0
DA:515,0
end_of_record
SF:/usr/include/c++/9/ext/aligned_buffer.h
FN:64,_ZN9__gnu_cxx16__aligned_membufIiE7_M_addrEv
FNDA:8108,_ZN9__gnu_cxx16__aligned_membufIiE7_M_addrEv
FN:68,_ZNK9__gnu_cxx16__aligned_membufIiE7_M_addrEv
FNDA:231801,_ZNK9__gnu_cxx16__aligned_membufIiE7_M_addrEv
FN:72,_ZN9__gnu_cxx16__aligned_membufIiE6_M_ptrEv
FNDA:8108,_ZN9__gnu_cxx16__aligned_membufIiE6_M_ptrEv
FN:76,_ZNK9__gnu_cxx16__aligned_membufIiE6_M_ptrEv
FNDA:231801,_ZNK9__gnu_cxx16__aligned_membufIiE6_M_ptrEv
DA:64,8108
DA:65,8108
DA:68,231801
DA:69,231801
DA:72,8108
DA:73,8108
DA:76,231801
DA:77,231801
end_of_record
SF:/usr/include/c++/9/bits/stl_iterator_base_funcs.h
FN:98,_ZSt10__distanceIPcENSt15iterator_traitsIT_E15difference_typeES2_S2_St26random_access_iterator_tag
FNDA:679,_ZSt10__distanceIPcENSt15iterator_traitsIT_E15difference_typeES2_S2_St26random_access_iterator_tag
FN:98,_ZSt10__distanceIPKcENSt15iterator_traitsIT_E15difference_typeES3_S3_St26random_access_iterator_tag
FNDA:200,_ZSt10__distanceIPKcENSt15iterator_traitsIT_E15difference_typeES3_S3_St26random_access_iterator_tag
FN:98,_ZSt10__distanceIN9__gnu_cxx17__normal_iteratorIPKiSt6vectorIiSaIiEEEEENSt15iterator_traitsIT_E15difference_typeES9_S9_St26random_access_iterator_tag
FNDA:18413,_ZSt10__distanceIN9__gnu_cxx17__normal_iteratorIPKiSt6vectorIiSaIiEEEEENSt15iterator_traitsIT_E15difference_typeES9_S9_St26random_access_iterator_tag
FN:98,_ZSt10__distanceIN9__gnu_cxx17__normal_iteratorIPiSt6vectorIiSaIiEEEEENSt15iterator_traitsIT_E15difference_typeES8_S8_St26random_access_iterator_tag
FNDA:5340,_ZSt10__distanceIN9__gnu_cxx17__normal_iteratorIPiSt6vectorIiSaIiEEEEENSt15iterator_traitsIT_E15difference_typeES8_S8_St26random_access_iterator_tag
FN:138,_ZSt8distanceIPcENSt15iterator_traitsIT_E15difference_typeES2_S2_
FNDA:679,_ZSt8distanceIPcENSt15iterator_traitsIT_E15difference_typeES2_S2_
FN:138,_ZSt8distanceIPKcENSt15iterator_traitsIT_E15difference_typeES3_S3_
FNDA:200,_ZSt8distanceIPKcENSt15iterator_traitsIT_E15difference_typeES3_S3_
FN:138,_ZSt8distanceIN9__gnu_cxx17__normal_iteratorIPKiSt6vectorIiSaIiEEEEENSt15iterator_traitsIT_E15difference_typeES9_S9_
FNDA:18413,_ZSt8distanceIN9__gnu_cxx17__normal_iteratorIPKiSt6vectorIiSaIiEEEEENSt15iterator_traitsIT_E15difference_typeES9_S9_
FN:138,_ZSt8distanceIN9__gnu_cxx17__normal_iteratorIPiSt6vectorIiSaIiEEEEENSt15iterator_traitsIT_E15difference_typeES8_S8_
FNDA:5340,_ZSt8distanceIN9__gnu_cxx17__normal_iteratorIPiSt6vectorIiSaIiEEEEENSt15iterator_traitsIT_E15difference_typeES8_S8_
FN:158,_ZSt9__advanceISt23_Rb_tree_const_iteratorIiElEvRT_T0_St26bidirectional_iterator_tag
FNDA:10496,_ZSt9__advanceISt23_Rb_tree_const_iteratorIiElEvRT_T0_St26bidirectional_iterator_tag
FN:174,_ZSt9__advanceIN9__gnu_cxx17__normal_iteratorIPKiSt6vectorIiSaIiEEEElEvRT_T0_St26random_access_iterator_tag
FNDA:149764,_ZSt9__advanceIN9__gnu_cxx17__normal_iteratorIPKiSt6vectorIiSaIiEEEElEvRT_T0_St26random_access_iterator_tag
FN:174,_ZSt9__advanceIN9__gnu_cxx17__normal_iteratorIPiSt6vectorIiSaIiEEEElEvRT_T0_St26random_access_iterator_tag
FNDA:41353,_ZSt9__advanceIN9__gnu_cxx17__normal_iteratorIPiSt6vectorIiSaIiEEEElEvRT_T0_St26random_access_iterator_tag
FN:202,_ZSt7advanceIN9__gnu_cxx17__normal_iteratorIPKiSt6vectorIiSaIiEEEElEvRT_T0_
FNDA:149764,_ZSt7advanceIN9__gnu_cxx17__normal_iteratorIPKiSt6vectorIiSaIiEEEElEvRT_T0_
FN:202,_ZSt7advanceIN9__gnu_cxx17__normal_iteratorIPiSt6vectorIiSaIiEEEElEvRT_T0_
FNDA:41353,_ZSt7advanceIN9__gnu_cxx17__normal_iteratorIPiSt6vectorIiSaIiEEEElEvRT_T0_
FN:202,_ZSt7advanceISt23_Rb_tree_const_iteratorIiEmEvRT_T0_
FNDA:10496,_ZSt7advanceISt23_Rb_tree_const_iteratorIiEmEvRT_T0_
DA:98,679
DA:104,679
DA:98,200
DA:104,200
DA:98,18413
DA:104,18413
DA:98,5340
DA:104,5340
DA:138,679
DA:141,679
DA:142,1358
DA:138,200
DA:141,200
DA:142,400
DA:138,18413
DA:141,18413
DA:142,36826
DA:138,5340
DA:141,5340
DA:142,10680
DA:158,10496
DA:164,10496
BRDA:164,0,0,10414
BRDA:164,0,1,82
DA:165,1983140
BRDA:165,0,0,1972730
BRDA:165,0,1,10414
DA:166,1972730
DA:168,82
BRDA:168,0,0,0
BRDA:168,0,1,82
DA:169,0
DA:170,10496
DA:174,149764
DA:185,149764
DA:186,149764
DA:174,41353
DA:185,41353
DA:186,41353
DA:202,149764
DA:205,149764
DA:206,149764
DA:207,149764
DA:202,41353
DA:205,41353
DA:206,41353
DA:207,41353
DA:202,10496
DA:205,10496
DA:206,10496
DA:207,10496
end_of_record
SF:/usr/include/c++/9/bits/stl_tree.h
FN:146,_ZNSt20_Rb_tree_key_compareISt4lessIiEEC2Ev
FNDA:4,_ZNSt20_Rb_tree_key_compareISt4lessIiEEC2Ev
FN:173,_ZNSt15_Rb_tree_headerC2Ev
FNDA:4,_ZNSt15_Rb_tree_headerC2Ev
FN:206,_ZNSt15_Rb_tree_header8_M_resetEv
FNDA:8,_ZNSt15_Rb_tree_header8_M_resetEv
FN:234,_ZNSt13_Rb_tree_nodeIiE9_M_valptrEv
FNDA:8108,_ZNSt13_Rb_tree_nodeIiE9_M_valptrEv
FN:238,_ZNKSt13_Rb_tree_nodeIiE9_M_valptrEv
FNDA:231801,_ZNKSt13_Rb_tree_nodeIiE9_M_valptrEv
FN:273,_ZNSt17_Rb_tree_iteratorIiEC2EPSt18_Rb_tree_node_base
FNDA:44219,_ZNSt17_Rb_tree_iteratorIiEC2EPSt18_Rb_tree_node_base
FN:300,_ZNSt17_Rb_tree_iteratorIiEmmEv
FNDA:6196,_ZNSt17_Rb_tree_iteratorIiEmmEv
FN:315,_ZSteqRKSt17_Rb_tree_iteratorIiES2_
FNDA:6243,_ZSteqRKSt17_Rb_tree_iteratorIiES2_
FN:345,_ZNSt23_Rb_tree_const_iteratorIiEC2EPKSt18_Rb_tree_node_base
FNDA:24826,_ZNSt23_Rb_tree_const_iteratorIiEC2EPKSt18_Rb_tree_node_base
FN:348,_ZNSt23_Rb_tree_const_iteratorIiEC2ERKSt17_Rb_tree_iteratorIiE
FNDA:25270,_ZNSt23_Rb_tree_const_iteratorIiEC2ERKSt17_Rb_tree_iteratorIiE
FN:356,_ZNKSt23_Rb_tree_const_iteratorIiEdeEv
FNDA:10496,_ZNKSt23_Rb_tree_const_iteratorIiEdeEv
FN:364,_ZNSt23_Rb_tree_const_iteratorIiEppEv
FNDA:1972730,_ZNSt23_Rb_tree_const_iteratorIiEppEv
FN:371,_ZNSt23_Rb_tree_const_iteratorIiEppEi
FNDA:2822,_ZNSt23_Rb_tree_const_iteratorIiEppEi
FN:379,_ZNSt23_Rb_tree_const_iteratorIiEmmEv
FNDA:0,_ZNSt23_Rb_tree_const_iteratorIiEmmEv
FN:394,_ZSteqRKSt23_Rb_tree_const_iteratorIiES2_
FNDA:12848,_ZSteqRKSt23_Rb_tree_const_iteratorIiES2_
FN:398,_ZStneRKSt23_Rb_tree_const_iteratorIiES2_
FNDA:6994,_ZStneRKSt23_Rb_tree_const_iteratorIiES2_
FN:538,_ZNSt8_Rb_treeIiiSt9_IdentityIiESt4lessIiESaIiEE11_Alloc_nodeC2ERS5_
FNDA:4054,_ZNSt8_Rb_treeIiiSt9_IdentityIiESt4lessIiESaIiEE11_Alloc_nodeC2ERS5_
FN:546,_ZNKSt8_Rb_treeIiiSt9_IdentityIiESt4lessIiESaIiEE11_Alloc_nodeclIRKiEEPSt13_Rb_tree_nodeIiEOT_
FNDA:4054,_ZNKSt8_Rb_treeIiiSt9_IdentityIiESt4lessIiESaIiEE11_Alloc_nodeclIRKiEEPSt13_Rb_tree_nodeIiEOT_
FN:566,_ZNSt8_Rb_treeIiiSt9_IdentityIiESt4lessIiESaIiEE21_M_get_Node_allocatorEv
FNDA:16216,_ZNSt8_Rb_treeIiiSt9_IdentityIiESt4lessIiESaIiEE21_M_get_Node_allocatorEv
FN:579,_ZNSt8_Rb_treeIiiSt9_IdentityIiESt4lessIiESaIiEE11_M_get_nodeEv
FNDA:4054,_ZNSt8_Rb_treeIiiSt9_IdentityIiESt4lessIiESaIiEE11_M_get_nodeEv
FN:583,_ZNSt8_Rb_treeIiiSt9_IdentityIiESt4lessIiESaIiEE11_M_put_nodeEPSt13_Rb_tree_nodeIiE
FNDA:4054,_ZNSt8_Rb_treeIiiSt9_IdentityIiESt4lessIiESaIiEE11_M_put_nodeEPSt13_Rb_tree_nodeIiE
FN:609,_ZNSt8_Rb_treeIiiSt9_IdentityIiESt4lessIiESaIiEE17_M_construct_nodeIJRKiEEEvPSt13_Rb_tree_nodeIiEDpOT_
FNDA:4054,_ZNSt8_Rb_treeIiiSt9_IdentityIiESt4lessIiESaIiEE17_M_construct_nodeIJRKiEEEvPSt13_Rb_tree_nodeIiEDpOT_
FN:628,_ZNSt8_Rb_treeIiiSt9_IdentityIiESt4lessIiESaIiEE14_M_create_nodeIJRKiEEEPSt13_Rb_tree_nodeIiEDpOT_
FNDA:4054,_ZNSt8_Rb_treeIiiSt9_IdentityIiESt4lessIiESaIiEE14_M_create_nodeIJRKiEEEPSt13_Rb_tree_nodeIiEDpOT_
FN:637,_ZNSt8_Rb_treeIiiSt9_IdentityIiESt4lessIiESaIiEE15_M_destroy_nodeEPSt13_Rb_tree_nodeIiE
FNDA:4054,_ZNSt8_Rb_treeIiiSt9_IdentityIiESt4lessIiESaIiEE15_M_destroy_nodeEPSt13_Rb_tree_nodeIiE
FN:648,_ZNSt8_Rb_treeIiiSt9_IdentityIiESt4lessIiESaIiEE12_M_drop_nodeEPSt13_Rb_tree_nodeIiE
FNDA:4054,_ZNSt8_Rb_treeIiiSt9_IdentityIiESt4lessIiESaIiEE12_M_drop_nodeEPSt13_Rb_tree_nodeIiE
FN:680,_ZNSt8_Rb_treeIiiSt9_IdentityIiESt4lessIiESaIiEE13_Rb_tree_implIS3_Lb1EEC2Ev
FNDA:4,_ZNSt8_Rb_treeIiiSt9_IdentityIiESt4lessIiESaIiEE13_Rb_tree_implIS3_Lb1EEC2Ev
FN:744,_ZNSt8_Rb_treeIiiSt9_IdentityIiESt4lessIiESaIiEE8_M_beginEv
FNDA:16890,_ZNSt8_Rb_treeIiiSt9_IdentityIiESt4lessIiESaIiEE8_M_beginEv
FN:748,_ZNKSt8_Rb_treeIiiSt9_IdentityIiESt4lessIiESaIiEE8_M_beginEv
FNDA:4318,_ZNKSt8_Rb_treeIiiSt9_IdentityIiESt4lessIiESaIiEE8_M_beginEv
FN:755,_ZNSt8_Rb_treeIiiSt9_IdentityIiESt4lessIiESaIiEE6_M_endEv
FNDA:20936,_ZNSt8_Rb_treeIiiSt9_IdentityIiESt4lessIiESaIiEE6_M_endEv
FN:759,_ZNKSt8_Rb_treeIiiSt9_IdentityIiESt4lessIiESaIiEE6_M_endEv
FNDA:4318,_ZNKSt8_Rb_treeIiiSt9_IdentityIiESt4lessIiESaIiEE6_M_endEv
FN:767,_ZNSt8_Rb_treeIiiSt9_IdentityIiESt4lessIiESaIiEE6_S_keyEPKSt13_Rb_tree_nodeIiE
FNDA:221305,_ZNSt8_Rb_treeIiiSt9_IdentityIiESt4lessIiESaIiEE6_S_keyEPKSt13_Rb_tree_nodeIiE
FN:789,_ZNSt8_Rb_treeIiiSt9_IdentityIiESt4lessIiESaIiEE7_S_leftEPSt18_Rb_tree_node_base
FNDA:73789,_ZNSt8_Rb_treeIiiSt9_IdentityIiESt4lessIiESaIiEE7_S_leftEPSt18_Rb_tree_node_base
FN:793,_ZNSt8_Rb_treeIiiSt9_IdentityIiESt4lessIiESaIiEE7_S_leftEPKSt18_Rb_tree_node_base
FNDA:17999,_ZNSt8_Rb_treeIiiSt9_IdentityIiESt4lessIiESaIiEE7_S_leftEPKSt18_Rb_tree_node_base
FN:797,_ZNSt8_Rb_treeIiiSt9_IdentityIiESt4lessIiESaIiEE8_S_rightEPSt18_Rb_tree_node_base
FNDA:77688,_ZNSt8_Rb_treeIiiSt9_IdentityIiESt4lessIiESaIiEE8_S_rightEPSt18_Rb_tree_node_base
FN:801,_ZNSt8_Rb_treeIiiSt9_IdentityIiESt4lessIiESaIiEE8_S_rightEPKSt18_Rb_tree_node_base
FNDA:18745,_ZNSt8_Rb_treeIiiSt9_IdentityIiESt4lessIiESaIiEE8_S_rightEPKSt18_Rb_tree_node_base
FN:809,_ZNSt8_Rb_treeIiiSt9_IdentityIiESt4lessIiESaIiEE6_S_keyEPKSt18_Rb_tree_node_base
FNDA:21010,_ZNSt8_Rb_treeIiiSt9_IdentityIiESt4lessIiESaIiEE6_S_keyEPKSt18_Rb_tree_node_base
FN:939,_ZNSt8_Rb_treeIiiSt9_IdentityIiESt4lessIiESaIiEEC2Ev
FNDA:4,_ZNSt8_Rb_treeIiiSt9_IdentityIiESt4lessIiESaIiEEC2Ev
FN:994,_ZNSt8_Rb_treeIiiSt9_IdentityIiESt4lessIiESaIiEED2Ev
FNDA:4,_ZNSt8_Rb_treeIiiSt9_IdentityIiESt4lessIiESaIiEED2Ev
FN:1006,_ZNSt8_Rb_treeIiiSt9_IdentityIiESt4lessIiESaIiEE5beginEv
FNDA:10419,_ZNSt8_Rb_treeIiiSt9_IdentityIiESt4lessIiESaIiEE5beginEv
FN:1010,_ZNKSt8_Rb_treeIiiSt9_IdentityIiESt4lessIiESaIiEE5beginEv
FNDA:10496,_ZNKSt8_Rb_treeIiiSt9_IdentityIiESt4lessIiESaIiEE5beginEv
FN:1014,_ZNSt8_Rb_treeIiiSt9_IdentityIiESt4lessIiESaIiEE3endEv
FNDA:36,_ZNSt8_Rb_treeIiiSt9_IdentityIiESt4lessIiESaIiEE3endEv
FN:1018,_ZNKSt8_Rb_treeIiiSt9_IdentityIiESt4lessIiESaIiEE3endEv
FNDA:10012,_ZNKSt8_Rb_treeIiiSt9_IdentityIiESt4lessIiESaIiEE3endEv
FN:1038,_ZNKSt8_Rb_treeIiiSt9_IdentityIiESt4lessIiESaIiEE5emptyEv
FNDA:10499,_ZNKSt8_Rb_treeIiiSt9_IdentityIiESt4lessIiESaIiEE5emptyEv
FN:1042,_ZNKSt8_Rb_treeIiiSt9_IdentityIiESt4lessIiESaIiEE4sizeEv
FNDA:18848,_ZNKSt8_Rb_treeIiiSt9_IdentityIiESt4lessIiESaIiEE4sizeEv
FN:1264,_ZNSt8_Rb_treeIiiSt9_IdentityIiESt4lessIiESaIiEE5clearEv
FNDA:4,_ZNSt8_Rb_treeIiiSt9_IdentityIiESt4lessIiESaIiEE5clearEv
FN:1797,_ZNSt8_Rb_treeIiiSt9_IdentityIiESt4lessIiESaIiEE10_M_insert_IRKiNS5_11_Alloc_nodeEEESt17_Rb_tree_iteratorIiEPSt18_Rb_tree_node_baseSD_OT_RT0_
FNDA:4054,_ZNSt8_Rb_treeIiiSt9_IdentityIiESt4lessIiESaIiEE10_M_insert_IRKiNS5_11_Alloc_nodeEEESt17_Rb_tree_iteratorIiEPSt18_Rb_tree_node_baseSD_OT_RT0_
FN:1907,_ZNSt8_Rb_treeIiiSt9_IdentityIiESt4lessIiESaIiEE8_M_eraseEPSt13_Rb_tree_nodeIiE
FNDA:1240,_ZNSt8_Rb_treeIiiSt9_IdentityIiESt4lessIiESaIiEE8_M_eraseEPSt13_Rb_tree_nodeIiE
FN:1924,_ZNSt8_Rb_treeIiiSt9_IdentityIiESt4lessIiESaIiEE14_M_lower_boundEPSt13_Rb_tree_nodeIiEPSt18_Rb_tree_node_baseRKi
FNDA:2824,_ZNSt8_Rb_treeIiiSt9_IdentityIiESt4lessIiESaIiEE14_M_lower_boundEPSt13_Rb_tree_nodeIiEPSt18_Rb_tree_node_baseRKi
FN:1940,_ZNKSt8_Rb_treeIiiSt9_IdentityIiESt4lessIiESaIiEE14_M_lower_boundEPKSt13_Rb_tree_nodeIiEPKSt18_Rb_tree_node_baseRKi
FNDA:4318,_ZNKSt8_Rb_treeIiiSt9_IdentityIiESt4lessIiESaIiEE14_M_lower_boundEPKSt13_Rb_tree_nodeIiEPKSt18_Rb_tree_node_baseRKi
FN:1956,_ZNSt8_Rb_treeIiiSt9_IdentityIiESt4lessIiESaIiEE14_M_upper_boundEPSt13_Rb_tree_nodeIiEPSt18_Rb_tree_node_baseRKi
FNDA:2824,_ZNSt8_Rb_treeIiiSt9_IdentityIiESt4lessIiESaIiEE14_M_upper_boundEPSt13_Rb_tree_nodeIiEPSt18_Rb_tree_node_baseRKi
FN:1990,_ZNSt8_Rb_treeIiiSt9_IdentityIiESt4lessIiESaIiEE11equal_rangeERKi
FNDA:4176,_ZNSt8_Rb_treeIiiSt9_IdentityIiESt4lessIiESaIiEE11equal_rangeERKi
FN:2085,_ZNSt8_Rb_treeIiiSt9_IdentityIiESt4lessIiESaIiEE24_M_get_insert_unique_posERKi
FNDA:12706,_ZNSt8_Rb_treeIiiSt9_IdentityIiESt4lessIiESaIiEE24_M_get_insert_unique_posERKi
FN:2139,_ZNSt8_Rb_treeIiiSt9_IdentityIiESt4lessIiESaIiEE16_M_insert_uniqueIRKiEESt4pairISt17_Rb_tree_iteratorIiEbEOT_
FNDA:12706,_ZNSt8_Rb_treeIiiSt9_IdentityIiESt4lessIiESaIiEE16_M_insert_uniqueIRKiEESt4pairISt17_Rb_tree_iteratorIiEbEOT_
FN:2504,_ZNSt8_Rb_treeIiiSt9_IdentityIiESt4lessIiESaIiEE12_M_erase_auxESt23_Rb_tree_const_iteratorIiE
FNDA:2822,_ZNSt8_Rb_treeIiiSt9_IdentityIiESt4lessIiESaIiEE12_M_erase_auxESt23_Rb_tree_const_iteratorIiE
FN:2518,_ZNSt8_Rb_treeIiiSt9_IdentityIiESt4lessIiESaIiEE12_M_erase_auxESt23_Rb_tree_const_iteratorIiES7_
FNDA:4176,_ZNSt8_Rb_treeIiiSt9_IdentityIiESt4lessIiESaIiEE12_M_erase_auxESt23_Rb_tree_const_iteratorIiES7_
FN:2531,_ZNSt8_Rb_treeIiiSt9_IdentityIiESt4lessIiESaIiEE5eraseERKi
FNDA:4176,_ZNSt8_Rb_treeIiiSt9_IdentityIiESt4lessIiESaIiEE5eraseERKi
FN:2567,_ZNKSt8_Rb_treeIiiSt9_IdentityIiESt4lessIiESaIiEE4findERKi
FNDA:4318,_ZNKSt8_Rb_treeIiiSt9_IdentityIiESt4lessIiESaIiEE4findERKi
DA:146,4
DA:150,4
DA:173,4
DA:174,4
DA:175,4
DA:176,4
DA:177,4
DA:206,8
DA:208,8
DA:209,8
DA:210,8
DA:211,8
DA:212,8
DA:234,8108
DA:235,8108
DA:238,231801
DA:239,231801
DA:273,44219
DA:274,44219
DA:300,6196
DA:302,6196
DA:303,6196
DA:315,6243
DA:316,6243
DA:345,24826
DA:346,24826
DA:348,25270
DA:349,25270
DA:356,10496
DA:357,10496
DA:364,1972730
DA:366,1972730
DA:367,1972730
DA:371,2822
DA:373,2822
DA:374,2822
DA:375,2822
DA:379,0
DA:381,0
DA:382,0
DA:394,12848
DA:395,12848
DA:398,6994
DA:399,6994
DA:538,4054
DA:539,4054
DA:546,4054
DA:548,4054
DA:566,16216
DA:567,16216
DA:579,4054
DA:580,4054
DA:583,4054
DA:584,4054
DA:609,4054
DA:613,4054
DA:614,4054
DA:624,4054
DA:628,4054
DA:630,4054
DA:631,4054
DA:632,4054
DA:637,4054
DA:642,4054
DA:643,4054
DA:645,4054
DA:648,4054
DA:650,4054
DA:651,4054
DA:652,4054
DA:680,4
DA:684,4
DA:685,4
DA:744,16890
DA:745,16890
DA:748,4318
DA:751,4318
DA:755,20936
DA:756,20936
DA:759,4318
DA:760,4318
DA:767,221305
DA:785,221305
DA:789,73789
DA:790,73789
DA:793,17999
DA:794,17999
DA:797,77688
DA:798,77688
DA:801,18745
DA:802,18745
DA:809,21010
DA:810,21010
DA:939,4
DA:994,4
DA:995,4
DA:1006,10419
DA:1007,10419
DA:1010,10496
DA:1011,10496
DA:1014,36
DA:1015,36
DA:1018,10012
DA:1019,10012
DA:1038,10499
DA:1039,10499
DA:1042,18848
DA:1043,18848
DA:1264,4
DA:1266,4
DA:1267,4
DA:1268,4
DA:1797,4054
DA:1806,4054
BRDA:1806,0,0,4048
BRDA:1806,0,1,6
DA:1807,8108
BRDA:1807,0,0,4054
BRDA:1807,0,1,0
BRDA:1807,0,2,4048
BRDA:1807,0,3,0
BRDA:1807,0,4,1874
BRDA:1807,0,5,2174
DA:1810,4054
DA:1812,4054
DA:1813,4054
DA:1814,4054
DA:1815,4054
DA:1907,2472
DA:1911,2472
BRDA:1911,0,0,1232
BRDA:1911,0,1,1240
DA:1913,1232
DA:1914,1232
DA:1915,1232
DA:1916,1232
DA:1918,1240
DA:1924,5478
DA:1928,5478
BRDA:1928,0,0,2654
BRDA:1928,0,1,2824
DA:1929,2654
BRDA:1929,0,0,0
BRDA:1929,0,1,2654
DA:1930,0
DA:1932,2654
DA:1933,2824
DA:1940,41062
DA:1944,41062
BRDA:1944,0,0,36744
BRDA:1944,0,1,4318
DA:1945,36744
BRDA:1945,0,0,17999
BRDA:1945,0,1,18745
DA:1946,17999
DA:1948,18745
DA:1949,4318
DA:1956,5462
DA:1960,5462
BRDA:1960,0,0,2638
BRDA:1960,0,1,2824
DA:1961,2638
BRDA:1961,0,0,2638
BRDA:1961,0,1,0
DA:1962,2638
DA:1964,0
DA:1965,2824
DA:1990,4176
DA:1993,4176
DA:1994,4176
DA:1995,34235
BRDA:1995,0,0,32883
BRDA:1995,0,1,1352
DA:1997,32883
BRDA:1997,0,0,15521
BRDA:1997,0,1,17362
DA:1998,15521
DA:1999,17362
BRDA:1999,0,0,14538
BRDA:1999,0,1,2824
DA:2000,14538
DA:2003,2824
DA:2004,2824
DA:2005,2824
DA:2006,2824
DA:2007,2824
DA:2009,2824
DA:2013,1352
DA:2085,12706
DA:2089,12706
DA:2090,12706
DA:2091,12706
DA:2092,120720
BRDA:2092,0,0,108014
BRDA:2092,0,1,12706
DA:2094,108014
DA:2095,108014
DA:2096,108014
BRDA:2096,0,0,52557
BRDA:2096,0,1,55457
DA:2098,12706
DA:2099,12706
BRDA:2099,0,0,6243
BRDA:2099,0,1,6463
DA:2101,6243
BRDA:2101,0,0,47
BRDA:2101,0,1,6196
DA:2102,47
DA:2104,6196
DA:2106,12659
BRDA:2106,0,0,12659
BRDA:2106,0,1,0
BRDA:2106,0,2,4007
BRDA:2106,0,3,8652
DA:2107,4007
DA:2108,8652
DA:2139,12706
DA:2147,12706
BRDA:2147,0,0,12706
BRDA:2147,0,1,0
DA:2148,12706
DA:2150,12706
BRDA:2150,0,0,4054
BRDA:2150,0,1,8652
DA:2152,4054
DA:2153,4054
BRDA:2153,0,0,4054
BRDA:2153,0,1,0
DA:2155,8108
DA:2158,8652
DA:2504,2822
DA:2509,2822
DA:2510,2822
DA:2511,2822
DA:2512,2822
DA:2513,2822
DA:2518,4176
DA:2521,4176
BRDA:2521,0,0,36
BRDA:2521,0,1,4140
BRDA:2521,0,2,4
BRDA:2521,0,3,32
BRDA:2521,0,4,4
BRDA:2521,0,5,4172
DA:2522,4
DA:2524,6994
BRDA:2524,0,0,2822
BRDA:2524,0,1,4172
DA:2525,2822
DA:2526,4176
DA:2531,4176
DA:2534,4176
BRDA:2534,0,0,4176
BRDA:2534,0,1,0
DA:2535,4176
DA:2536,4176
BRDA:2536,0,0,4176
BRDA:2536,0,1,0
DA:2537,4176
DA:2567,4318
DA:2570,4318
BRDA:2570,0,0,4318
BRDA:2570,0,1,0
DA:2571,8636
DA:2572,4303
BRDA:2572,0,0,4303
BRDA:2572,0,1,0
BRDA:2572,0,2,1361
BRDA:2572,0,3,2942
DA:2573,12939
BRDA:2573,0,0,4303
BRDA:2573,0,1,15
end_of_record
SF:/usr/include/c++/9/bits/stl_iterator_base_types.h
FN:205,_ZSt19__iterator_categoryIPcENSt15iterator_traitsIT_E17iterator_categoryERKS2_
FNDA:679,_ZSt19__iterator_categoryIPcENSt15iterator_traitsIT_E17iterator_categoryERKS2_
FN:205,_ZSt19__iterator_categoryIPKcENSt15iterator_traitsIT_E17iterator_categoryERKS3_
FNDA:200,_ZSt19__iterator_categoryIPKcENSt15iterator_traitsIT_E17iterator_categoryERKS3_
FN:205,_ZSt19__iterator_categoryIN9__gnu_cxx17__normal_iteratorIPKiSt6vectorIiSaIiEEEEENSt15iterator_traitsIT_E17iterator_categoryERKS9_
FNDA:168177,_ZSt19__iterator_categoryIN9__gnu_cxx17__normal_iteratorIPKiSt6vectorIiSaIiEEEEENSt15iterator_traitsIT_E17iterator_categoryERKS9_
FN:205,_ZSt19__iterator_categoryIN9__gnu_cxx17__normal_iteratorIPiSt6vectorIiSaIiEEEEENSt15iterator_traitsIT_E17iterator_categoryERKS8_
FNDA:46693,_ZSt19__iterator_categoryIN9__gnu_cxx17__normal_iteratorIPiSt6vectorIiSaIiEEEEENSt15iterator_traitsIT_E17iterator_categoryERKS8_
FN:205,_ZSt19__iterator_categoryISt23_Rb_tree_const_iteratorIiEENSt15iterator_traitsIT_E17iterator_categoryERKS3_
FNDA:10496,_ZSt19__iterator_categoryISt23_Rb_tree_const_iteratorIiEENSt15iterator_traitsIT_E17iterator_categoryERKS3_
DA:205,679
DA:206,679
DA:205,200
DA:206,200
DA:205,168177
DA:206,168177
DA:205,46693
DA:206,46693
DA:205,10496
DA:206,10496
end_of_record
SF:/home/tikhon/Documents/programs/21_22/MIPT_c++/tasks/homework_repository/homework_cpp_2021/flat_set/mipt/log/log.h
FN:15,_Z12set_loglevel9InfoLevel
FNDA:2,_Z12set_loglevel9InfoLevel
DA:15,2
DA:16,2
DA:17,2
end_of_record
SF:/usr/local/include/gtest/internal/gtest-internal.h
FN:452,_ZN7testing8internal15TestFactoryBaseD0Ev
FNDA:0,_ZN7testing8internal15TestFactoryBaseD0Ev
FN:452,_ZN7testing8internal15TestFactoryBaseD2Ev
FNDA:8,_ZN7testing8internal15TestFactoryBaseD2Ev
FN:459,_ZN7testing8internal15TestFactoryBaseC2Ev
FNDA:8,_ZN7testing8internal15TestFactoryBaseC2Ev
FN:470,_ZN7testing8internal15TestFactoryImplI27FlatTest_SimpleInclude_TestE10CreateTestEv
FNDA:1,_ZN7testing8internal15TestFactoryImplI27FlatTest_SimpleInclude_TestE10CreateTestEv
FN:470,_ZN7testing8internal15TestFactoryImplI22FlatTest_DataLoss_TestE10CreateTestEv
FNDA:1,_ZN7testing8internal15TestFactoryImplI22FlatTest_DataLoss_TestE10CreateTestEv
FN:470,_ZN7testing8internal15TestFactoryImplI27FlatTest_StingOptimize_TestE10CreateTestEv
FNDA:1,_ZN7testing8internal15TestFactoryImplI27FlatTest_StingOptimize_TestE10CreateTestEv
FN:470,_ZN7testing8internal15TestFactoryImplI32FlatTest_gInfoLevelCoverage_TestE10CreateTestEv
FNDA:1,_ZN7testing8internal15TestFactoryImplI32FlatTest_gInfoLevelCoverage_TestE10CreateTestEv
FN:491,_ZN7testing8internal12CodeLocationC2ERKNSt7__cxx1112basic_stringIcSt11char_traitsIcESaIcEEEi
FNDA:8,_ZN7testing8internal12CodeLocationC2ERKNSt7__cxx1112basic_stringIcSt11char_traitsIcESaIcEEEi
FN:504,_ZN7testing8internal19GetNotDefaultOrNullEPFvvES2_
FNDA:32,_ZN7testing8internal19GetNotDefaultOrNullEPFvvES2_
FN:519,_ZN7testing8internal16SuiteApiResolverINS_4TestEE19GetSetUpCaseOrSuiteEPKci
FNDA:8,_ZN7testing8internal16SuiteApiResolverINS_4TestEE19GetSetUpCaseOrSuiteEPKci
FN:540,_ZN7testing8internal16SuiteApiResolverINS_4TestEE22GetTearDownCaseOrSuiteEPKci
FNDA:8,_ZN7testing8internal16SuiteApiResolverINS_4TestEE22GetTearDownCaseOrSuiteEPKci
DA:452,0
DA:452,8
DA:459,8
DA:470,1
BRDA:470,0,0,1
BRDA:470,0,1,0
DA:470,1
BRDA:470,0,0,1
BRDA:470,0,1,0
DA:470,1
BRDA:470,0,0,1
BRDA:470,0,1,0
DA:470,1
BRDA:470,0,0,1
BRDA:470,0,1,0
DA:491,8
DA:492,8
DA:504,32
DA:506,32
BRDA:506,0,0,0
BRDA:506,0,1,32
DA:519,8
DA:523,8
DA:525,8
DA:527,8
BRDA:527,0,0,0
BRDA:527,0,1,8
BRDA:527,0,2,0
BRDA:527,0,3,0
BRDA:527,0,4,0
BRDA:527,0,5,8
DA:530,0
BRDA:530,0,0,-
BRDA:530,0,1,-
BRDA:530,0,2,-
BRDA:530,0,3,-
BRDA:530,0,4,-
BRDA:530,0,5,-
BRDA:530,0,6,-
BRDA:530,0,7,-
BRDA:530,0,8,-
BRDA:530,0,9,-
DA:532,8
BRDA:532,0,0,0
BRDA:532,0,1,8
DA:540,8
DA:544,8
DA:546,8
DA:548,8
BRDA:548,0,0,0
BRDA:548,0,1,8
BRDA:548,0,2,0
BRDA:548,0,3,0
BRDA:548,0,4,0
BRDA:548,0,5,8
DA:551,0
BRDA:551,0,0,-
BRDA:551,0,1,-
BRDA:551,0,2,-
BRDA:551,0,3,-
BRDA:551,0,4,-
BRDA:551,0,5,-
BRDA:551,0,6,-
BRDA:551,0,7,-
BRDA:551,0,8,-
BRDA:551,0,9,-
DA:553,8
BRDA:553,0,0,0
BRDA:553,0,1,8
end_of_record
SF:/usr/include/c++/9/bits/stl_algo.h
FN:78,_ZSt22__move_median_to_firstIN9__gnu_cxx17__normal_iteratorIPiSt6vectorIiSaIiEEEENS0_5__ops15_Iter_less_iterEEvT_S9_S9_S9_T0_
FNDA:144386,_ZSt22__move_median_to_firstIN9__gnu_cxx17__normal_iteratorIPiSt6vectorIiSaIiEEEENS0_5__ops15_Iter_less_iterEEvT_S9_S9_S9_T0_
FN:1667,_ZSt13__heap_selectIN9__gnu_cxx17__normal_iteratorIPiSt6vectorIiSaIiEEEENS0_5__ops15_Iter_less_iterEEvT_S9_S9_T0_
FNDA:3474,_ZSt13__heap_selectIN9__gnu_cxx17__normal_iteratorIPiSt6vectorIiSaIiEEEENS0_5__ops15_Iter_less_iterEEvT_S9_S9_T0_
FN:1820,_ZSt25__unguarded_linear_insertIN9__gnu_cxx17__normal_iteratorIPiSt6vectorIiSaIiEEEENS0_5__ops14_Val_less_iterEEvT_T0_
FNDA:1593220,_ZSt25__unguarded_linear_insertIN9__gnu_cxx17__normal_iteratorIPiSt6vectorIiSaIiEEEENS0_5__ops14_Val_less_iterEEvT_T0_
FN:1839,_ZSt16__insertion_sortIN9__gnu_cxx17__normal_iteratorIPiSt6vectorIiSaIiEEEENS0_5__ops15_Iter_less_iterEEvT_S9_T0_
FNDA:5435,_ZSt16__insertion_sortIN9__gnu_cxx17__normal_iteratorIPiSt6vectorIiSaIiEEEENS0_5__ops15_Iter_less_iterEEvT_S9_T0_
FN:1862,_ZSt26__unguarded_insertion_sortIN9__gnu_cxx17__normal_iteratorIPiSt6vectorIiSaIiEEEENS0_5__ops15_Iter_less_iterEEvT_S9_T0_
FNDA:4969,_ZSt26__unguarded_insertion_sortIN9__gnu_cxx17__normal_iteratorIPiSt6vectorIiSaIiEEEENS0_5__ops15_Iter_less_iterEEvT_S9_T0_
FN:1879,_ZSt22__final_insertion_sortIN9__gnu_cxx17__normal_iteratorIPiSt6vectorIiSaIiEEEENS0_5__ops15_Iter_less_iterEEvT_S9_T0_
FNDA:5435,_ZSt22__final_insertion_sortIN9__gnu_cxx17__normal_iteratorIPiSt6vectorIiSaIiEEEENS0_5__ops15_Iter_less_iterEEvT_S9_T0_
FN:1895,_ZSt21__unguarded_partitionIN9__gnu_cxx17__normal_iteratorIPiSt6vectorIiSaIiEEEENS0_5__ops15_Iter_less_iterEET_S9_S9_S9_T0_
FNDA:144386,_ZSt21__unguarded_partitionIN9__gnu_cxx17__normal_iteratorIPiSt6vectorIiSaIiEEEENS0_5__ops15_Iter_less_iterEET_S9_S9_S9_T0_
FN:1916,_ZSt27__unguarded_partition_pivotIN9__gnu_cxx17__normal_iteratorIPiSt6vectorIiSaIiEEEENS0_5__ops15_Iter_less_iterEET_S9_S9_T0_
FNDA:144386,_ZSt27__unguarded_partition_pivotIN9__gnu_cxx17__normal_iteratorIPiSt6vectorIiSaIiEEEENS0_5__ops15_Iter_less_iterEET_S9_S9_T0_
FN:1927,_ZSt14__partial_sortIN9__gnu_cxx17__normal_iteratorIPiSt6vectorIiSaIiEEEENS0_5__ops15_Iter_less_iterEEvT_S9_S9_T0_
FNDA:3474,_ZSt14__partial_sortIN9__gnu_cxx17__normal_iteratorIPiSt6vectorIiSaIiEEEENS0_5__ops15_Iter_less_iterEEvT_S9_S9_T0_
FN:1939,_ZSt16__introsort_loopIN9__gnu_cxx17__normal_iteratorIPiSt6vectorIiSaIiEEEElNS0_5__ops15_Iter_less_iterEEvT_S9_T0_T1_
FNDA:149821,_ZSt16__introsort_loopIN9__gnu_cxx17__normal_iteratorIPiSt6vectorIiSaIiEEEElNS0_5__ops15_Iter_less_iterEEvT_S9_T0_T1_
FN:1962,_ZSt6__sortIN9__gnu_cxx17__normal_iteratorIPiSt6vectorIiSaIiEEEENS0_5__ops15_Iter_less_iterEEvT_S9_T0_
FNDA:5435,_ZSt6__sortIN9__gnu_cxx17__normal_iteratorIPiSt6vectorIiSaIiEEEENS0_5__ops15_Iter_less_iterEEvT_S9_T0_
FN:4857,_ZSt4sortIN9__gnu_cxx17__normal_iteratorIPiSt6vectorIiSaIiEEEEEvT_S7_
FNDA:5435,_ZSt4sortIN9__gnu_cxx17__normal_iteratorIPiSt6vectorIiSaIiEEEEEvT_S7_
DA:78,144386
DA:81,144386
BRDA:81,0,0,144386
BRDA:81,0,1,0
DA:83,144386
BRDA:83,0,0,55474
BRDA:83,0,1,88912
DA:84,55474
DA:85,88912
BRDA:85,0,0,4328
BRDA:85,0,1,84584
DA:86,4328
DA:88,84584
DA:90,0
BRDA:90,0,0,-
BRDA:90,0,1,-
DA:91,0
DA:92,0
BRDA:92,0,0,-
BRDA:92,0,1,-
DA:93,0
DA:95,0
DA:96,144386
DA:1667,3474
DA:1671,3474
DA:1672,3474
BRDA:1672,0,0,0
BRDA:1672,0,1,3474
DA:1673,0
BRDA:1673,0,0,-
BRDA:1673,0,1,-
DA:1674,0
BRDA:1674,0,0,-
BRDA:1674,0,1,-
DA:1675,3474
DA:1820,1593220
DA:1824,1593220
DA:1825,1593220
DA:1826,1593220
DA:1827,2460960
BRDA:1827,0,0,867730
BRDA:1827,0,1,1593220
DA:1829,867730
DA:1830,867730
DA:1831,867730
DA:1833,1593220
DA:1834,1593220
DA:1839,5435
DA:1842,5435
BRDA:1842,0,0,0
BRDA:1842,0,1,5435
DA:1844,83426
BRDA:1844,0,0,77991
BRDA:1844,0,1,5435
DA:1846,77991
BRDA:1846,0,0,5654
BRDA:1846,0,1,72337
DA:1849,5654
DA:1850,5654
BRDA:1850,0,0,5654
BRDA:1850,0,1,0
DA:1851,5654
DA:1854,72337
BRDA:1854,0,0,72337
BRDA:1854,0,1,0
DA:1855,72337
DA:1862,4969
DA:1865,1525860
BRDA:1865,0,0,1520890
BRDA:1865,0,1,4969
DA:1866,1520890
BRDA:1866,0,0,1520890
BRDA:1866,0,1,0
DA:1867,1520890
DA:1868,4969
DA:1879,5435
DA:1882,5435
BRDA:1882,0,0,4969
BRDA:1882,0,1,466
DA:1884,4969
DA:1885,4969
DA:1889,466
DA:1890,5435
DA:1895,2337000
DA:1901,2337000
BRDA:1901,0,0,2103710
BRDA:1901,0,1,233298
DA:1902,2103710
DA:1903,233298
DA:1904,14461900
BRDA:1904,0,0,14228600
BRDA:1904,0,1,233298
DA:1905,14228600
DA:1906,233298
BRDA:1906,0,0,144386
BRDA:1906,0,1,88912
DA:1907,144386
DA:1908,88912
DA:1909,88912
DA:1916,144386
DA:1919,144386
DA:1920,144386
BRDA:1920,0,0,144386
BRDA:1920,0,1,0
DA:1922,288772
BRDA:1922,0,0,144386
BRDA:1922,0,1,0
DA:1927,3474
DA:1932,3474
DA:1933,3474
DA:1934,3474
DA:1939,294207
DA:1943,294207
BRDA:1943,0,0,147860
BRDA:1943,0,1,146347
DA:1945,147860
BRDA:1945,0,0,3474
BRDA:1945,0,1,144386
DA:1947,3474
BRDA:1947,0,0,3474
BRDA:1947,0,1,0
DA:1948,3474
DA:1950,144386
DA:1952,144386
BRDA:1952,0,0,144386
BRDA:1952,0,1,0
DA:1953,144386
BRDA:1953,0,0,144386
BRDA:1953,0,1,0
DA:1954,144386
DA:1962,5435
DA:1965,5435
BRDA:1965,0,0,5435
BRDA:1965,0,1,0
DA:1967,5435
DA:1968,5435
DA:1970,5435
DA:1972,5435
DA:4857,5435
DA:4867,5435
DA:4868,5435
end_of_record
SF:/usr/include/c++/9/bits/predefined_ops.h
FN:42,_ZNK9__gnu_cxx5__ops15_Iter_less_iterclINS_17__normal_iteratorIPiSt6vectorIiSaIiEEEES8_EEbT_T0_
FNDA:21265800,_ZNK9__gnu_cxx5__ops15_Iter_less_iterclINS_17__normal_iteratorIPiSt6vectorIiSaIiEEEES8_EEbT_T0_
FN:48,_ZN9__gnu_cxx5__ops16__iter_less_iterEv
FNDA:5435,_ZN9__gnu_cxx5__ops16__iter_less_iterEv
FN:60,_ZN9__gnu_cxx5__ops14_Iter_less_valC2ENS0_15_Iter_less_iterE
FNDA:910050,_ZN9__gnu_cxx5__ops14_Iter_less_valC2ENS0_15_Iter_less_iterE
FN:64,_ZNK9__gnu_cxx5__ops14_Iter_less_valclINS_17__normal_iteratorIPiSt6vectorIiSaIiEEEEiEEbT_RT0_
FNDA:954723,_ZNK9__gnu_cxx5__ops14_Iter_less_valclINS_17__normal_iteratorIPiSt6vectorIiSaIiEEEEiEEbT_RT0_
FN:64,_ZNK9__gnu_cxx5__ops14_Iter_less_valclINS_17__normal_iteratorIPKiSt6vectorIiSaIiEEEES4_EEbT_RT0_
FNDA:149764,_ZNK9__gnu_cxx5__ops14_Iter_less_valclINS_17__normal_iteratorIPKiSt6vectorIiSaIiEEEES4_EEbT_RT0_
FN:64,_ZNK9__gnu_cxx5__ops14_Iter_less_valclINS_17__normal_iteratorIPiSt6vectorIiSaIiEEEEKiEEbT_RT0_
FNDA:41353,_ZNK9__gnu_cxx5__ops14_Iter_less_valclINS_17__normal_iteratorIPiSt6vectorIiSaIiEEEEKiEEbT_RT0_
FN:69,_ZN9__gnu_cxx5__ops15__iter_less_valEv
FNDA:23753,_ZN9__gnu_cxx5__ops15__iter_less_valEv
FN:89,_ZNK9__gnu_cxx5__ops14_Val_less_iterclIiNS_17__normal_iteratorIPiSt6vectorIiSaIiEEEEEEbRT_T0_
FNDA:2460960,_ZNK9__gnu_cxx5__ops14_Val_less_iterclIiNS_17__normal_iteratorIPiSt6vectorIiSaIiEEEEEEbRT_T0_
FN:98,_ZN9__gnu_cxx5__ops15__val_comp_iterENS0_15_Iter_less_iterE
FNDA:1593220,_ZN9__gnu_cxx5__ops15__val_comp_iterENS0_15_Iter_less_iterE
DA:42,21265800
DA:43,21265800
DA:48,5435
DA:49,5435
DA:60,910050
DA:64,954723
DA:65,954723
DA:64,149764
DA:65,149764
DA:64,41353
DA:65,41353
DA:69,23753
DA:70,23753
DA:89,2460960
DA:90,2460960
DA:98,1593220
DA:99,1593220
end_of_record
SF:/usr/include/c++/9/bits/stl_construct.h
FN:117,_ZNSt12_Destroy_auxILb1EE9__destroyIPPN4mipt8LogEntryIiEEEEvT_S7_
FNDA:12,_ZNSt12_Destroy_auxILb1EE9__destroyIPPN4mipt8LogEntryIiEEEEvT_S7_
FN:117,_ZNSt12_Destroy_auxILb1EE9__destroyIPN4mipt8LogEntryIiEEEEvT_S6_
FNDA:12,_ZNSt12_Destroy_auxILb1EE9__destroyIPN4mipt8LogEntryIiEEEEvT_S6_
FN:117,_ZNSt12_Destroy_auxILb1EE9__destroyIPiEEvT_S3_
FNDA:49,_ZNSt12_Destroy_auxILb1EE9__destroyIPiEEvT_S3_
FN:127,_ZSt8_DestroyIPPN4mipt8LogEntryIiEEEvT_S5_
FNDA:12,_ZSt8_DestroyIPPN4mipt8LogEntryIiEEEvT_S5_
FN:127,_ZSt8_DestroyIPN4mipt8LogEntryIiEEEvT_S4_
FNDA:12,_ZSt8_DestroyIPN4mipt8LogEntryIiEEEvT_S4_
FN:127,_ZSt8_DestroyIPiEvT_S1_
FNDA:49,_ZSt8_DestroyIPiEvT_S1_
FN:203,_ZSt8_DestroyIPPN4mipt8LogEntryIiEES3_EvT_S5_RSaIT0_E
FNDA:12,_ZSt8_DestroyIPPN4mipt8LogEntryIiEES3_EvT_S5_RSaIT0_E
FN:203,_ZSt8_DestroyIPN4mipt8LogEntryIiEES2_EvT_S4_RSaIT0_E
FNDA:12,_ZSt8_DestroyIPN4mipt8LogEntryIiEES2_EvT_S4_RSaIT0_E
FN:203,_ZSt8_DestroyIPiiEvT_S1_RSaIT0_E
FNDA:49,_ZSt8_DestroyIPiiEvT_S1_RSaIT0_E
DA:117,12
DA:117,12
DA:117,49
DA:127,12
DA:137,12
DA:138,12
DA:127,12
DA:137,12
DA:138,12
DA:127,49
DA:137,49
DA:138,49
DA:203,12
DA:206,12
DA:207,12
DA:203,12
DA:206,12
DA:207,12
DA:203,49
DA:206,49
DA:207,49
end_of_record
SF:/usr/include/c++/9/optional
FN:108,_ZNSt22_Optional_payload_baseISt17basic_string_viewIcSt11char_traitsIcEEEC2Ev
FNDA:24,_ZNSt22_Optional_payload_baseISt17basic_string_viewIcSt11char_traitsIcEEEC2Ev
FN:113,_ZNSt22_Optional_payload_baseISt17basic_string_viewIcSt11char_traitsIcEEEC2IJRA10_KcEEESt10in_place_tDpOT_
FNDA:25,_ZNSt22_Optional_payload_baseISt17basic_string_viewIcSt11char_traitsIcEEEC2IJRA10_KcEEESt10in_place_tDpOT_
FN:197,_ZNSt22_Optional_payload_baseISt17basic_string_viewIcSt11char_traitsIcEEE8_StorageIS3_Lb1EEC2Ev
FNDA:24,_ZNSt22_Optional_payload_baseISt17basic_string_viewIcSt11char_traitsIcEEE8_StorageIS3_Lb1EEC2Ev
FN:201,_ZNSt22_Optional_payload_baseISt17basic_string_viewIcSt11char_traitsIcEEE8_StorageIS3_Lb1EEC2IJRA10_KcEEESt10in_place_tDpOT_
FNDA:25,_ZNSt22_Optional_payload_baseISt17basic_string_viewIcSt11char_traitsIcEEE8_StorageIS3_Lb1EEC2IJRA10_KcEEESt10in_place_tDpOT_
FN:265,_ZNSt22_Optional_payload_baseISt17basic_string_viewIcSt11char_traitsIcEEE6_M_getEv
FNDA:25,_ZNSt22_Optional_payload_baseISt17basic_string_viewIcSt11char_traitsIcEEE6_M_getEv
FN:300,_ZNSt17_Optional_payloadISt17basic_string_viewIcSt11char_traitsIcEELb1ELb1ELb1EEC2Ev
FNDA:24,_ZNSt17_Optional_payloadISt17basic_string_viewIcSt11char_traitsIcEELb1ELb1ELb1EEC2Ev
FN:431,_ZNKSt19_Optional_base_implISt17basic_string_viewIcSt11char_traitsIcEESt14_Optional_baseIS3_Lb1ELb1EEE13_M_is_engagedEv
FNDA:49,_ZNKSt19_Optional_base_implISt17basic_string_viewIcSt11char_traitsIcEESt14_Optional_baseIS3_Lb1ELb1EEE13_M_is_engagedEv
FN:436,_ZNSt19_Optional_base_implISt17basic_string_viewIcSt11char_traitsIcEESt14_Optional_baseIS3_Lb1ELb1EEE6_M_getEv
FNDA:25,_ZNSt19_Optional_base_implISt17basic_string_viewIcSt11char_traitsIcEESt14_Optional_baseIS3_Lb1ELb1EEE6_M_getEv
FN:600,_ZNSt14_Optional_baseISt17basic_string_viewIcSt11char_traitsIcEELb1ELb1EEC2Ev
FNDA:24,_ZNSt14_Optional_baseISt17basic_string_viewIcSt11char_traitsIcEELb1ELb1EEC2Ev
FN:605,_ZNSt14_Optional_baseISt17basic_string_viewIcSt11char_traitsIcEELb1ELb1EEC2IJRA10_KcELb0EEESt10in_place_tDpOT_
FNDA:25,_ZNSt14_Optional_baseISt17basic_string_viewIcSt11char_traitsIcEELb1ELb1EEC2IJRA10_KcELb0EEESt10in_place_tDpOT_
FN:690,_ZNSt8optionalISt17basic_string_viewIcSt11char_traitsIcEEEC2ESt9nullopt_t
FNDA:24,_ZNSt8optionalISt17basic_string_viewIcSt11char_traitsIcEEEC2ESt9nullopt_t
FN:698,_ZNSt8optionalISt17basic_string_viewIcSt11char_traitsIcEEEC2IRA10_KcLb1EEEOT_
FNDA:25,_ZNSt8optionalISt17basic_string_viewIcSt11char_traitsIcEEEC2IRA10_KcLb1EEEOT_
FN:901,_ZNRSt8optionalISt17basic_string_viewIcSt11char_traitsIcEEEdeEv
FNDA:25,_ZNRSt8optionalISt17basic_string_viewIcSt11char_traitsIcEEEdeEv
FN:915,_ZNKSt8optionalISt17basic_string_viewIcSt11char_traitsIcEEE9has_valueEv
FNDA:49,_ZNKSt8optionalISt17basic_string_viewIcSt11char_traitsIcEEE9has_valueEv
DA:108,24
DA:113,25
DA:115,25
DA:116,25
DA:197,24
DA:201,25
DA:202,25
DA:203,25
DA:265,25
DA:266,25
DA:300,24
DA:431,49
DA:432,49
DA:436,25
DA:439,25
DA:600,24
DA:605,25
DA:607,25
DA:690,24
DA:698,25
DA:699,25
DA:901,25
DA:902,25
DA:915,49
DA:916,49
end_of_record
SF:/usr/local/include/gtest/internal/gtest-port.h
FN:984,_ZN7testing8internal8GTestLog9GetStreamEv
FNDA:0,_ZN7testing8internal8GTestLog9GetStreamEv
DA:984,0
end_of_record
SF:/usr/include/c++/9/bits/postypes.h
FN:133,_ZNSt4fposI11__mbstate_tEC2El
FNDA:25,_ZNSt4fposI11__mbstate_tEC2El
FN:143,_ZNKSt4fposI11__mbstate_tEcvlEv
FNDA:41,_ZNKSt4fposI11__mbstate_tEcvlEv
DA:133,25
DA:134,25
DA:143,41
end_of_record
SF:/usr/include/c++/9/ext/type_traits.h
FN:152,_ZN9__gnu_cxx17__is_null_pointerIcEEbPT_
FNDA:679,_ZN9__gnu_cxx17__is_null_pointerIcEEbPT_
FN:152,_ZN9__gnu_cxx17__is_null_pointerIKcEEbPT_
FNDA:200,_ZN9__gnu_cxx17__is_null_pointerIKcEEbPT_
DA:152,679
DA:153,679
DA:152,200
DA:153,200
end_of_record
SF:/usr/include/c++/9/bits/stl_vector.h
FN:94,_ZNSt12_Vector_baseIN4mipt8LogEntryIiEESaIS2_EE17_Vector_impl_dataC2Ev
FNDA:12,_ZNSt12_Vector_baseIN4mipt8LogEntryIiEESaIS2_EE17_Vector_impl_dataC2Ev
FN:94,_ZNSt12_Vector_baseIPN4mipt8LogEntryIiEESaIS3_EE17_Vector_impl_dataC2Ev
FNDA:12,_ZNSt12_Vector_baseIPN4mipt8LogEntryIiEESaIS3_EE17_Vector_impl_dataC2Ev
FN:94,_ZNSt12_Vector_baseIiSaIiEE17_Vector_impl_dataC2Ev
FNDA:49,_ZNSt12_Vector_baseIiSaIiEE17_Vector_impl_dataC2Ev
FN:128,_ZNSt12_Vector_baseIN4mipt8LogEntryIiEESaIS2_EE12_Vector_implC2Ev
FNDA:12,_ZNSt12_Vector_baseIN4mipt8LogEntryIiEESaIS2_EE12_Vector_implC2Ev
FN:128,_ZNSt12_Vector_baseIiSaIiEE12_Vector_implC2Ev
FNDA:49,_ZNSt12_Vector_baseIiSaIiEE12_Vector_implC2Ev
FN:128,_ZNSt12_Vector_baseIPN4mipt8LogEntryIiEESaIS3_EE12_Vector_implC2Ev
FNDA:12,_ZNSt12_Vector_baseIPN4mipt8LogEntryIiEESaIS3_EE12_Vector_implC2Ev
FN:273,_ZNSt12_Vector_baseIiSaIiEE19_M_get_Tp_allocatorEv
FNDA:192,_ZNSt12_Vector_baseIiSaIiEE19_M_get_Tp_allocatorEv
FN:273,_ZNSt12_Vector_baseIN4mipt8LogEntryIiEESaIS2_EE19_M_get_Tp_allocatorEv
FNDA:24,_ZNSt12_Vector_baseIN4mipt8LogEntryIiEESaIS2_EE19_M_get_Tp_allocatorEv
FN:273,_ZNSt12_Vector_baseIPN4mipt8LogEntryIiEESaIS3_EE19_M_get_Tp_allocatorEv
FNDA:24,_ZNSt12_Vector_baseIPN4mipt8LogEntryIiEESaIS3_EE19_M_get_Tp_allocatorEv
FN:277,_ZNKSt12_Vector_baseIPN4mipt8LogEntryIiEESaIS3_EE19_M_get_Tp_allocatorEv
FNDA:12,_ZNKSt12_Vector_baseIPN4mipt8LogEntryIiEESaIS3_EE19_M_get_Tp_allocatorEv
FN:277,_ZNKSt12_Vector_baseIN4mipt8LogEntryIiEESaIS2_EE19_M_get_Tp_allocatorEv
FNDA:12,_ZNKSt12_Vector_baseIN4mipt8LogEntryIiEESaIS2_EE19_M_get_Tp_allocatorEv
FN:277,_ZNKSt12_Vector_baseIiSaIiEE19_M_get_Tp_allocatorEv
FNDA:179,_ZNKSt12_Vector_baseIiSaIiEE19_M_get_Tp_allocatorEv
FN:285,_ZNSt12_Vector_baseIiSaIiEEC2Ev
FNDA:49,_ZNSt12_Vector_baseIiSaIiEEC2Ev
FN:285,_ZNSt12_Vector_baseIPN4mipt8LogEntryIiEESaIS3_EEC2Ev
FNDA:12,_ZNSt12_Vector_baseIPN4mipt8LogEntryIiEESaIS3_EEC2Ev
FN:285,_ZNSt12_Vector_baseIN4mipt8LogEntryIiEESaIS2_EEC2Ev
FNDA:12,_ZNSt12_Vector_baseIN4mipt8LogEntryIiEESaIS2_EEC2Ev
FN:330,_ZNSt12_Vector_baseIN4mipt8LogEntryIiEESaIS2_EED2Ev
FNDA:12,_ZNSt12_Vector_baseIN4mipt8LogEntryIiEESaIS2_EED2Ev
FN:330,_ZNSt12_Vector_baseIiSaIiEED2Ev
FNDA:49,_ZNSt12_Vector_baseIiSaIiEED2Ev
FN:330,_ZNSt12_Vector_baseIPN4mipt8LogEntryIiEESaIS3_EED2Ev
FNDA:12,_ZNSt12_Vector_baseIPN4mipt8LogEntryIiEESaIS3_EED2Ev
FN:340,_ZNSt12_Vector_baseIN4mipt8LogEntryIiEESaIS2_EE11_M_allocateEm
FNDA:12,_ZNSt12_Vector_baseIN4mipt8LogEntryIiEESaIS2_EE11_M_allocateEm
FN:340,_ZNSt12_Vector_baseIiSaIiEE11_M_allocateEm
FNDA:96,_ZNSt12_Vector_baseIiSaIiEE11_M_allocateEm
FN:340,_ZNSt12_Vector_baseIPN4mipt8LogEntryIiEESaIS3_EE11_M_allocateEm
FNDA:12,_ZNSt12_Vector_baseIPN4mipt8LogEntryIiEESaIS3_EE11_M_allocateEm
FN:347,_ZNSt12_Vector_baseIiSaIiEE13_M_deallocateEPim
FNDA:145,_ZNSt12_Vector_baseIiSaIiEE13_M_deallocateEPim
FN:347,_ZNSt12_Vector_baseIN4mipt8LogEntryIiEESaIS2_EE13_M_deallocateEPS2_m
FNDA:24,_ZNSt12_Vector_baseIN4mipt8LogEntryIiEESaIS2_EE13_M_deallocateEPS2_m
FN:347,_ZNSt12_Vector_baseIPN4mipt8LogEntryIiEESaIS3_EE13_M_deallocateEPS3_m
FNDA:24,_ZNSt12_Vector_baseIPN4mipt8LogEntryIiEESaIS3_EE13_M_deallocateEPS3_m
FN:450,_ZNSt6vectorIiSaIiEE14_S_do_relocateEPiS2_S2_RS0_St17integral_constantIbLb1EE
FNDA:125,_ZNSt6vectorIiSaIiEE14_S_do_relocateEPiS2_S2_RS0_St17integral_constantIbLb1EE
FN:450,_ZNSt6vectorIN4mipt8LogEntryIiEESaIS2_EE14_S_do_relocateEPS2_S5_S5_RS3_St17integral_constantIbLb1EE
FNDA:12,_ZNSt6vectorIN4mipt8LogEntryIiEESaIS2_EE14_S_do_relocateEPS2_S5_S5_RS3_St17integral_constantIbLb1EE
FN:450,_ZNSt6vectorIPN4mipt8LogEntryIiEESaIS3_EE14_S_do_relocateEPS3_S6_S6_RS4_St17integral_constantIbLb1EE
FNDA:12,_ZNSt6vectorIPN4mipt8LogEntryIiEESaIS3_EE14_S_do_relocateEPS3_S6_S6_RS4_St17integral_constantIbLb1EE
FN:462,_ZNSt6vectorIN4mipt8LogEntryIiEESaIS2_EE11_S_relocateEPS2_S5_S5_RS3_
FNDA:12,_ZNSt6vectorIN4mipt8LogEntryIiEESaIS2_EE11_S_relocateEPS2_S5_S5_RS3_
FN:462,_ZNSt6vectorIPN4mipt8LogEntryIiEESaIS3_EE11_S_relocateEPS3_S6_S6_RS4_
FNDA:12,_ZNSt6vectorIPN4mipt8LogEntryIiEESaIS3_EE11_S_relocateEPS3_S6_S6_RS4_
FN:462,_ZNSt6vectorIiSaIiEE11_S_relocateEPiS2_S2_RS0_
FNDA:125,_ZNSt6vectorIiSaIiEE11_S_relocateEPiS2_S2_RS0_
FN:484,_ZNSt6vectorIPN4mipt8LogEntryIiEESaIS3_EEC2Ev
FNDA:12,_ZNSt6vectorIPN4mipt8LogEntryIiEESaIS3_EEC2Ev
FN:484,_ZNSt6vectorIN4mipt8LogEntryIiEESaIS2_EEC2Ev
FNDA:12,_ZNSt6vectorIN4mipt8LogEntryIiEESaIS2_EEC2Ev
FN:484,_ZNSt6vectorIiSaIiEEC2Ev
FNDA:49,_ZNSt6vectorIiSaIiEEC2Ev
FN:675,_ZNSt6vectorIN4mipt8LogEntryIiEESaIS2_EED2Ev
FNDA:12,_ZNSt6vectorIN4mipt8LogEntryIiEESaIS2_EED2Ev
FN:675,_ZNSt6vectorIiSaIiEED2Ev
FNDA:49,_ZNSt6vectorIiSaIiEED2Ev
FN:675,_ZNSt6vectorIPN4mipt8LogEntryIiEESaIS3_EED2Ev
FNDA:12,_ZNSt6vectorIPN4mipt8LogEntryIiEESaIS3_EED2Ev
FN:808,_ZNSt6vectorIPN4mipt8LogEntryIiEESaIS3_EE5beginEv
FNDA:12,_ZNSt6vectorIPN4mipt8LogEntryIiEESaIS3_EE5beginEv
FN:808,_ZNSt6vectorIN4mipt8LogEntryIiEESaIS2_EE5beginEv
FNDA:0,_ZNSt6vectorIN4mipt8LogEntryIiEESaIS2_EE5beginEv
FN:808,_ZNSt6vectorIiSaIiEE5beginEv
FNDA:14196,_ZNSt6vectorIiSaIiEE5beginEv
FN:817,_ZNKSt6vectorIiSaIiEE5beginEv
FNDA:18413,_ZNKSt6vectorIiSaIiEE5beginEv
FN:826,_ZNSt6vectorIPN4mipt8LogEntryIiEESaIS3_EE3endEv
FNDA:645,_ZNSt6vectorIPN4mipt8LogEntryIiEESaIS3_EE3endEv
FN:826,_ZNSt6vectorIiSaIiEE3endEv
FNDA:22881,_ZNSt6vectorIiSaIiEE3endEv
FN:826,_ZNSt6vectorIN4mipt8LogEntryIiEESaIS2_EE3endEv
FNDA:0,_ZNSt6vectorIN4mipt8LogEntryIiEESaIS2_EE3endEv
FN:835,_ZNKSt6vectorIiSaIiEE3endEv
FNDA:36826,_ZNKSt6vectorIiSaIiEE3endEv
FN:881,_ZNKSt6vectorIiSaIiEE6cbeginEv
FNDA:3368,_ZNKSt6vectorIiSaIiEE6cbeginEv
FN:915,_ZNKSt6vectorIN4mipt8LogEntryIiEESaIS2_EE4sizeEv
FNDA:657,_ZNKSt6vectorIN4mipt8LogEntryIiEESaIS2_EE4sizeEv
FN:915,_ZNKSt6vectorIiSaIiEE4sizeEv
FNDA:336,_ZNKSt6vectorIiSaIiEE4sizeEv
FN:915,_ZNKSt6vectorIPN4mipt8LogEntryIiEESaIS3_EE4sizeEv
FNDA:12,_ZNKSt6vectorIPN4mipt8LogEntryIiEESaIS3_EE4sizeEv
FN:920,_ZNKSt6vectorIiSaIiEE8max_sizeEv
FNDA:179,_ZNKSt6vectorIiSaIiEE8max_sizeEv
FN:920,_ZNKSt6vectorIPN4mipt8LogEntryIiEESaIS3_EE8max_sizeEv
FNDA:12,_ZNKSt6vectorIPN4mipt8LogEntryIiEESaIS3_EE8max_sizeEv
FN:920,_ZNKSt6vectorIN4mipt8LogEntryIiEESaIS2_EE8max_sizeEv
FNDA:12,_ZNKSt6vectorIN4mipt8LogEntryIiEESaIS2_EE8max_sizeEv
FN:934,_ZNSt6vectorIiSaIiEE6resizeEm
FNDA:18,_ZNSt6vectorIiSaIiEE6resizeEm
FN:995,_ZNKSt6vectorIN4mipt8LogEntryIiEESaIS2_EE8capacityEv
FNDA:12,_ZNKSt6vectorIN4mipt8LogEntryIiEESaIS2_EE8capacityEv
FN:995,_ZNKSt6vectorIPN4mipt8LogEntryIiEESaIS3_EE8capacityEv
FNDA:12,_ZNKSt6vectorIPN4mipt8LogEntryIiEESaIS3_EE8capacityEv
FN:995,_ZNKSt6vectorIiSaIiEE8capacityEv
FNDA:49,_ZNKSt6vectorIiSaIiEE8capacityEv
FN:1040,_ZNSt6vectorIN4mipt8LogEntryIiEESaIS2_EEixEm
FNDA:633,_ZNSt6vectorIN4mipt8LogEntryIiEESaIS2_EEixEm
FN:1140,_ZNSt6vectorIPN4mipt8LogEntryIiEESaIS3_EE4backEv
FNDA:633,_ZNSt6vectorIPN4mipt8LogEntryIiEESaIS3_EE4backEv
FN:1165,_ZNSt6vectorIiSaIiEE4dataEv
FNDA:18,_ZNSt6vectorIiSaIiEE4dataEv
FN:1169,_ZNKSt6vectorIiSaIiEE4dataEv
FNDA:41,_ZNKSt6vectorIiSaIiEE4dataEv
FN:1184,_ZNSt6vectorIN4mipt8LogEntryIiEESaIS2_EE9push_backERKS2_
FNDA:633,_ZNSt6vectorIN4mipt8LogEntryIiEESaIS2_EE9push_backERKS2_
FN:1184,_ZNSt6vectorIiSaIiEE9push_backERKi
FNDA:5435,_ZNSt6vectorIiSaIiEE9push_backERKi
FN:1200,_ZNSt6vectorIPN4mipt8LogEntryIiEESaIS3_EE9push_backEOS3_
FNDA:633,_ZNSt6vectorIPN4mipt8LogEntryIiEESaIS3_EE9push_backEOS3_
FN:1427,_ZNSt6vectorIiSaIiEE5eraseEN9__gnu_cxx17__normal_iteratorIPKiS1_EE
FNDA:3368,_ZNSt6vectorIiSaIiEE5eraseEN9__gnu_cxx17__normal_iteratorIPKiS1_EE
FN:1753,_ZNKSt6vectorIiSaIiEE12_M_check_lenEmPKc
FNDA:47,_ZNKSt6vectorIiSaIiEE12_M_check_lenEmPKc
FN:1753,_ZNKSt6vectorIN4mipt8LogEntryIiEESaIS2_EE12_M_check_lenEmPKc
FNDA:0,_ZNKSt6vectorIN4mipt8LogEntryIiEESaIS2_EE12_M_check_lenEmPKc
FN:1753,_ZNKSt6vectorIPN4mipt8LogEntryIiEESaIS3_EE12_M_check_lenEmPKc
FNDA:0,_ZNKSt6vectorIPN4mipt8LogEntryIiEESaIS3_EE12_M_check_lenEmPKc
FN:1773,_ZNSt6vectorIiSaIiEE11_S_max_sizeERKS0_
FNDA:179,_ZNSt6vectorIiSaIiEE11_S_max_sizeERKS0_
FN:1773,_ZNSt6vectorIN4mipt8LogEntryIiEESaIS2_EE11_S_max_sizeERKS3_
FNDA:12,_ZNSt6vectorIN4mipt8LogEntryIiEESaIS2_EE11_S_max_sizeERKS3_
FN:1773,_ZNSt6vectorIPN4mipt8LogEntryIiEESaIS3_EE11_S_max_sizeERKS4_
FNDA:12,_ZNSt6vectorIPN4mipt8LogEntryIiEESaIS3_EE11_S_max_sizeERKS4_
FN:1789,_ZNSt6vectorIiSaIiEE15_M_erase_at_endEPi
FNDA:0,_ZNSt6vectorIiSaIiEE15_M_erase_at_endEPi
FN:1840,_ZNKSt6vectorIiSaIiEE11_M_data_ptrIiEEPT_S4_
FNDA:59,_ZNKSt6vectorIiSaIiEE11_M_data_ptrIiEEPT_S4_
DA:94,12
DA:95,12
DA:96,12
DA:94,12
DA:95,12
DA:96,12
DA:94,49
DA:95,49
DA:96,49
DA:128,12
DA:130,12
DA:131,12
DA:128,12
DA:130,12
DA:131,12
DA:128,49
DA:130,49
DA:131,49
DA:273,24
DA:274,24
DA:273,24
DA:274,24
DA:273,192
DA:274,192
DA:277,12
DA:278,12
DA:277,12
DA:278,12
DA:277,179
DA:278,179
DA:285,12
DA:285,12
DA:285,49
DA:330,12
DA:332,12
DA:333,12
DA:334,12
DA:330,12
DA:332,12
DA:333,12
DA:334,12
DA:330,49
DA:332,49
DA:333,49
DA:334,49
DA:340,12
DA:343,12
BRDA:343,0,0,12
BRDA:343,0,1,0
DA:340,12
DA:343,12
BRDA:343,0,0,12
BRDA:343,0,1,0
DA:340,96
DA:343,96
BRDA:343,0,0,96
BRDA:343,0,1,0
DA:347,24
DA:350,24
BRDA:350,0,0,12
BRDA:350,0,1,12
DA:351,12
DA:352,24
DA:347,24
DA:350,24
BRDA:350,0,0,12
BRDA:350,0,1,12
DA:351,12
DA:352,24
DA:347,145
DA:350,145
BRDA:350,0,0,96
BRDA:350,0,1,49
DA:351,96
DA:352,145
DA:450,12
DA:453,12
DA:450,12
DA:453,12
DA:450,125
DA:453,125
DA:462,12
DA:466,12
DA:462,12
DA:466,12
DA:462,125
DA:466,125
DA:484,12
DA:484,12
DA:484,49
DA:675,12
DA:677,12
DA:678,12
DA:680,12
DA:675,12
DA:677,12
DA:678,12
DA:680,12
DA:675,49
DA:677,49
DA:678,49
DA:680,49
DA:808,0
DA:809,0
DA:808,12
DA:809,12
DA:808,14196
DA:809,14196
DA:817,18413
DA:818,18413
DA:826,645
DA:827,645
DA:826,0
DA:827,0
DA:826,22881
DA:827,22881
DA:835,36826
DA:836,36826
DA:881,3368
DA:882,3368
DA:915,12
DA:916,12
DA:915,657
DA:916,657
DA:915,336
DA:916,336
DA:920,12
DA:921,12
DA:920,12
DA:921,12
DA:920,179
DA:921,179
DA:934,18
[...]
FN:482,_ZNSt16allocator_traitsISaIiEE9constructIiJRKiEEEvRS0_PT_DpOT0_
FNDA:3,_ZNSt16allocator_traitsISaIiEE9constructIiJRKiEEEvRS0_PT_DpOT0_
FN:495,_ZNSt16allocator_traitsISaIN4mipt8LogEntryIiEEEE7destroyIS2_EEvRS3_PT_
FNDA:0,_ZNSt16allocator_traitsISaIN4mipt8LogEntryIiEEEE7destroyIS2_EEvRS3_PT_
FN:495,_ZNSt16allocator_traitsISaIiEE7destroyIiEEvRS0_PT_
FNDA:0,_ZNSt16allocator_traitsISaIiEE7destroyIiEEvRS0_PT_
FN:505,_ZNSt16allocator_traitsISaIPN4mipt8LogEntryIiEEEE8max_sizeERKS4_
FNDA:0,_ZNSt16allocator_traitsISaIPN4mipt8LogEntryIiEEEE8max_sizeERKS4_
FN:505,_ZNSt16allocator_traitsISaIN4mipt8LogEntryIiEEEE8max_sizeERKS3_
FNDA:0,_ZNSt16allocator_traitsISaIN4mipt8LogEntryIiEEEE8max_sizeERKS3_
FN:505,_ZNSt16allocator_traitsISaIiEE8max_sizeERKS0_
FNDA:1,_ZNSt16allocator_traitsISaIiEE8max_sizeERKS0_
FN:514,_ZNSt16allocator_traitsISaIcEE37select_on_container_copy_constructionERKS0_
FNDA:0,_ZNSt16allocator_traitsISaIcEE37select_on_container_copy_constructionERKS0_
DA:443,0
DA:444,0
DA:443,0
DA:444,0
DA:443,1
DA:444,1
DA:469,0
DA:470,0
DA:469,0
DA:470,0
DA:469,1
DA:470,1
DA:482,0
DA:484,0
DA:482,0
DA:484,0
DA:482,0
DA:484,0
DA:482,3
DA:484,3
DA:495,0
DA:497,0
DA:495,0
DA:497,0
DA:505,0
DA:506,0
DA:505,0
DA:506,0
DA:505,1
DA:506,1
DA:514,0
DA:515,0
end_of_record
SF:/usr/include/c++/9/bits/stl_heap.h
FN:128,_ZSt11__push_heapIN9__gnu_cxx17__normal_iteratorIPiSt6vectorIiSaIiEEEEliNS0_5__ops14_Iter_less_valEEvT_T0_SA_T1_RT2_
FNDA:0,_ZSt11__push_heapIN9__gnu_cxx17__normal_iteratorIPiSt6vectorIiSaIiEEEEliNS0_5__ops14_Iter_less_valEEvT_T0_SA_T1_RT2_
FN:214,_ZSt13__adjust_heapIN9__gnu_cxx17__normal_iteratorIPiSt6vectorIiSaIiEEEEliNS0_5__ops15_Iter_less_iterEEvT_T0_SA_T1_T2_
FNDA:0,_ZSt13__adjust_heapIN9__gnu_cxx17__normal_iteratorIPiSt6vectorIiSaIiEEEEliNS0_5__ops15_Iter_less_iterEEvT_T0_SA_T1_T2_
FN:243,_ZSt10__pop_heapIN9__gnu_cxx17__normal_iteratorIPiSt6vectorIiSaIiEEEENS0_5__ops15_Iter_less_iterEEvT_S9_S9_RT0_
FNDA:0,_ZSt10__pop_heapIN9__gnu_cxx17__normal_iteratorIPiSt6vectorIiSaIiEEEENS0_5__ops15_Iter_less_iterEEvT_S9_S9_RT0_
FN:326,_ZSt11__make_heapIN9__gnu_cxx17__normal_iteratorIPiSt6vectorIiSaIiEEEENS0_5__ops15_Iter_less_iterEEvT_S9_RT0_
FNDA:0,_ZSt11__make_heapIN9__gnu_cxx17__normal_iteratorIPiSt6vectorIiSaIiEEEENS0_5__ops15_Iter_less_iterEEvT_S9_RT0_
FN:402,_ZSt11__sort_heapIN9__gnu_cxx17__normal_iteratorIPiSt6vectorIiSaIiEEEENS0_5__ops15_Iter_less_iterEEvT_S9_RT0_
FNDA:0,_ZSt11__sort_heapIN9__gnu_cxx17__normal_iteratorIPiSt6vectorIiSaIiEEEENS0_5__ops15_Iter_less_iterEEvT_S9_RT0_
DA:128,0
DA:132,0
DA:133,0
BRDA:133,0,0,-
BRDA:133,0,1,-
BRDA:133,0,2,-
BRDA:133,0,3,-
BRDA:133,0,4,-
BRDA:133,0,5,-
DA:135,0
DA:136,0
DA:137,0
DA:139,0
DA:140,0
DA:214,0
DA:217,0
DA:218,0
DA:219,0
BRDA:219,0,0,-
BRDA:219,0,1,-
DA:221,0
DA:222,0
BRDA:222,0,0,-
BRDA:222,0,1,-
DA:224,0
DA:225,0
DA:226,0
DA:228,0
BRDA:228,0,0,-
BRDA:228,0,1,-
BRDA:228,0,2,-
BRDA:228,0,3,-
DA:230,0
DA:231,0
DA:233,0
DA:236,0
DA:237,0
BRDA:237,0,0,-
BRDA:237,0,1,-
DA:238,0
DA:239,0
DA:243,0
DA:251,0
DA:252,0
DA:253,0
BRDA:253,0,0,-
BRDA:253,0,1,-
DA:254,0
DA:255,0
DA:256,0
DA:326,0
DA:334,0
BRDA:334,0,0,-
BRDA:334,0,1,-
DA:335,0
DA:337,0
DA:338,0
DA:339,0
DA:341,0
DA:342,0
BRDA:342,0,0,-
BRDA:342,0,1,-
DA:344,0
BRDA:344,0,0,-
BRDA:344,0,1,-
DA:345,0
DA:346,0
DA:402,0
DA:405,0
BRDA:405,0,0,-
BRDA:405,0,1,-
DA:407,0
DA:408,0
DA:410,0
end_of_record
SF:/usr/include/c++/9/bits/stl_algobase.h
FN:123,_ZSt9iter_swapIN9__gnu_cxx17__normal_iteratorIPiSt6vectorIiSaIiEEEES6_EvT_T0_
FNDA:0,_ZSt9iter_swapIN9__gnu_cxx17__normal_iteratorIPiSt6vectorIiSaIiEEEES6_EvT_T0_
FN:198,_ZSt3minImERKT_S2_S2_
FNDA:1,_ZSt3minImERKT_S2_S2_
FN:222,_ZSt3maxImERKT_S2_S2_
FNDA:0,_ZSt3maxImERKT_S2_S2_
FN:280,_ZSt12__niter_baseIPPN4mipt8LogEntryIiEEET_S5_
FNDA:0,_ZSt12__niter_baseIPPN4mipt8LogEntryIiEEET_S5_
FN:280,_ZSt12__niter_baseIPiET_S1_
FNDA:3,_ZSt12__niter_baseIPiET_S1_
FN:280,_ZSt12__niter_baseIPN4mipt8LogEntryIiEEET_S4_
FNDA:0,_ZSt12__niter_baseIPN4mipt8LogEntryIiEEET_S4_
FN:289,_ZSt12__niter_wrapIN9__gnu_cxx17__normal_iteratorIPiSt6vectorIiSaIiEEEES2_ET_S7_T0_
FNDA:0,_ZSt12__niter_wrapIN9__gnu_cxx17__normal_iteratorIPiSt6vectorIiSaIiEEEES2_ET_S7_T0_
FN:295,_ZSt12__niter_wrapIPiET_RKS1_S1_
FNDA:0,_ZSt12__niter_wrapIPiET_RKS1_S1_
FN:375,_ZNSt11__copy_moveILb1ELb1ESt26random_access_iterator_tagE8__copy_mIiEEPT_PKS3_S6_S4_
FNDA:0,_ZNSt11__copy_moveILb1ELb1ESt26random_access_iterator_tagE8__copy_mIiEEPT_PKS3_S6_S4_
FN:393,_ZSt13__copy_move_aILb1EPiS0_ET1_T0_S2_S1_
FNDA:0,_ZSt13__copy_move_aILb1EPiS0_ET1_T0_S2_S1_
FN:438,_ZSt14__copy_move_a2ILb1EN9__gnu_cxx17__normal_iteratorIPiSt6vectorIiSaIiEEEES6_ET1_T0_S8_S7_
FNDA:0,_ZSt14__copy_move_a2ILb1EN9__gnu_cxx17__normal_iteratorIPiSt6vectorIiSaIiEEEES6_ET1_T0_S8_S7_
FN:497,_ZSt4moveIN9__gnu_cxx17__normal_iteratorIPiSt6vectorIiSaIiEEEES6_ET0_T_S8_S7_
FNDA:0,_ZSt4moveIN9__gnu_cxx17__normal_iteratorIPiSt6vectorIiSaIiEEEES6_ET0_T_S8_S7_
FN:577,_ZNSt20__copy_move_backwardILb1ELb1ESt26random_access_iterator_tagE13__copy_move_bIiEEPT_PKS3_S6_S4_
FNDA:0,_ZNSt20__copy_move_backwardILb1ELb1ESt26random_access_iterator_tagE13__copy_move_bIiEEPT_PKS3_S6_S4_
FN:595,_ZSt22__copy_move_backward_aILb1EPiS0_ET1_T0_S2_S1_
FNDA:0,_ZSt22__copy_move_backward_aILb1EPiS0_ET1_T0_S2_S1_
FN:613,_ZSt23__copy_move_backward_a2ILb1EN9__gnu_cxx17__normal_iteratorIPiSt6vectorIiSaIiEEEES6_ET1_T0_S8_S7_
FNDA:0,_ZSt23__copy_move_backward_a2ILb1EN9__gnu_cxx17__normal_iteratorIPiSt6vectorIiSaIiEEEES6_ET1_T0_S8_S7_
FN:676,_ZSt13move_backwardIN9__gnu_cxx17__normal_iteratorIPiSt6vectorIiSaIiEEEES6_ET0_T_S8_S7_
FNDA:0,_ZSt13move_backwardIN9__gnu_cxx17__normal_iteratorIPiSt6vectorIiSaIiEEEES6_ET0_T_S8_S7_
FN:767,_ZSt10__fill_n_aIPimiEN9__gnu_cxx11__enable_ifIXsrSt11__is_scalarIT1_E7__valueET_E6__typeES6_T0_RKS4_
FNDA:0,_ZSt10__fill_n_aIPimiEN9__gnu_cxx11__enable_ifIXsrSt11__is_scalarIT1_E7__valueET_E6__typeES6_T0_RKS4_
FN:802,_ZSt6fill_nIPimiET_S1_T0_RKT1_
FNDA:0,_ZSt6fill_nIPimiET_S1_T0_RKT1_
FN:966,_ZSt13__lower_boundIN9__gnu_cxx17__normal_iteratorIPKiSt6vectorIiSaIiEEEEiNS0_5__ops14_Iter_less_valEET_SA_SA_RKT0_T1_
FNDA:6,_ZSt13__lower_boundIN9__gnu_cxx17__normal_iteratorIPKiSt6vectorIiSaIiEEEEiNS0_5__ops14_Iter_less_valEET_SA_SA_RKT0_T1_
FN:966,_ZSt13__lower_boundIN9__gnu_cxx17__normal_iteratorIPiSt6vectorIiSaIiEEEEiNS0_5__ops14_Iter_less_valEET_S9_S9_RKT0_T1_
FNDA:0,_ZSt13__lower_boundIN9__gnu_cxx17__normal_iteratorIPiSt6vectorIiSaIiEEEEiNS0_5__ops14_Iter_less_valEET_S9_S9_RKT0_T1_
FN:1004,_ZSt11lower_boundIN9__gnu_cxx17__normal_iteratorIPiSt6vectorIiSaIiEEEEiET_S7_S7_RKT0_
FNDA:0,_ZSt11lower_boundIN9__gnu_cxx17__normal_iteratorIPiSt6vectorIiSaIiEEEEiET_S7_S7_RKT0_
FN:1004,_ZSt11lower_boundIN9__gnu_cxx17__normal_iteratorIPKiSt6vectorIiSaIiEEEEiET_S8_S8_RKT0_
FNDA:6,_ZSt11lower_boundIN9__gnu_cxx17__normal_iteratorIPKiSt6vectorIiSaIiEEEEiET_S8_S8_RKT0_
FN:1028,_ZSt4__lgl
FNDA:3,_ZSt4__lgl
DA:123,0
DA:151,0
DA:153,0
DA:198,1
DA:203,1
BRDA:203,0,0,0
BRDA:203,0,1,1
DA:204,0
DA:205,1
DA:222,0
DA:227,0
BRDA:227,0,0,-
BRDA:227,0,1,-
DA:228,0
DA:229,0
DA:280,0
DA:282,0
DA:280,0
DA:282,0
DA:280,3
DA:282,3
DA:289,0
DA:290,0
DA:295,0
DA:296,0
DA:375,0
DA:384,0
DA:385,0
BRDA:385,0,0,-
BRDA:385,0,1,-
DA:386,0
DA:387,0
DA:393,0
DA:398,0
DA:404,0
DA:438,0
DA:440,0
DA:443,0
DA:497,0
DA:505,0
DA:506,0
DA:577,0
DA:586,0
DA:587,0
BRDA:587,0,0,-
BRDA:587,0,1,-
DA:588,0
DA:589,0
DA:595,0
DA:600,0
DA:606,0
DA:608,0
DA:613,0
DA:615,0
DA:618,0
DA:676,0
DA:686,0
DA:688,0
DA:767,0
DA:769,0
DA:770,0
DA:771,0
BRDA:771,0,0,-
BRDA:771,0,1,-
DA:772,0
DA:773,0
DA:802,0
DA:808,0
DA:809,0
DA:966,0
DA:972,0
DA:974,0
BRDA:974,0,0,-
BRDA:974,0,1,-
DA:976,0
DA:977,0
DA:978,0
BRDA:978,0,0,-
BRDA:978,0,1,-
DA:979,0
BRDA:979,0,0,-
BRDA:979,0,1,-
DA:981,0
DA:982,0
DA:983,0
DA:986,0
DA:988,0
DA:966,6
DA:972,6
DA:974,14
BRDA:974,0,0,8
BRDA:974,0,1,6
DA:976,8
DA:977,8
DA:978,8
BRDA:978,0,0,8
BRDA:978,0,1,0
DA:979,8
BRDA:979,0,0,4
BRDA:979,0,1,4
DA:981,4
DA:982,4
DA:983,4
DA:986,4
DA:988,6
DA:1004,0
DA:1013,0
DA:1014,0
DA:1004,6
DA:1013,6
DA:1014,12
DA:1028,3
DA:1029,3
end_of_record
SF:/usr/include/c++/9/tuple
FN:113,_ZNSt10_Head_baseILm1ENSt10filesystem7__cxx114path5_List13_Impl_deleterELb1EE7_M_headERS5_
FNDA:10,_ZNSt10_Head_baseILm1ENSt10filesystem7__cxx114path5_List13_Impl_deleterELb1EE7_M_headERS5_
FN:160,_ZNSt10_Head_baseILm0EPNSt10filesystem7__cxx114path5_List5_ImplELb0EE7_M_headERS6_
FNDA:10,_ZNSt10_Head_baseILm0EPNSt10filesystem7__cxx114path5_List5_ImplELb0EE7_M_headERS6_
FN:195,_ZNSt11_Tuple_implILm0EJPNSt10filesystem7__cxx114path5_List5_ImplENS3_13_Impl_deleterEEE7_M_headERS7_
FNDA:10,_ZNSt11_Tuple_implILm0EJPNSt10filesystem7__cxx114path5_List5_ImplENS3_13_Impl_deleterEEE7_M_headERS7_
FN:334,_ZNSt11_Tuple_implILm1EJNSt10filesystem7__cxx114path5_List13_Impl_deleterEEE7_M_headERS5_
FNDA:10,_ZNSt11_Tuple_implILm1EJNSt10filesystem7__cxx114path5_List13_Impl_deleterEEE7_M_headERS5_
FN:1309,_ZSt12__get_helperILm1ENSt10filesystem7__cxx114path5_List13_Impl_deleterEJEERT0_RSt11_Tuple_implIXT_EJS5_DpT1_EE
FNDA:10,_ZSt12__get_helperILm1ENSt10filesystem7__cxx114path5_List13_Impl_deleterEJEERT0_RSt11_Tuple_implIXT_EJS5_DpT1_EE
FN:1309,_ZSt12__get_helperILm0EPNSt10filesystem7__cxx114path5_List5_ImplEJNS3_13_Impl_deleterEEERT0_RSt11_Tuple_implIXT_EJS7_DpT1_EE
FNDA:10,_ZSt12__get_helperILm0EPNSt10filesystem7__cxx114path5_List5_ImplEJNS3_13_Impl_deleterEEERT0_RSt11_Tuple_implIXT_EJS7_DpT1_EE
FN:1320,_ZSt3getILm1EJPNSt10filesystem7__cxx114path5_List5_ImplENS3_13_Impl_deleterEEERNSt13tuple_elementIXT_ESt5tupleIJDpT0_EEE4typeERSB_
FNDA:10,_ZSt3getILm1EJPNSt10filesystem7__cxx114path5_List5_ImplENS3_13_Impl_deleterEEERNSt13tuple_elementIXT_ESt5tupleIJDpT0_EEE4typeERSB_
FN:1320,_ZSt3getILm0EJPNSt10filesystem7__cxx114path5_List5_ImplENS3_13_Impl_deleterEEERNSt13tuple_elementIXT_ESt5tupleIJDpT0_EEE4typeERSB_
FNDA:10,_ZSt3getILm0EJPNSt10filesystem7__cxx114path5_List5_ImplENS3_13_Impl_deleterEEERNSt13tuple_elementIXT_ESt5tupleIJDpT0_EEE4typeERSB_
DA:113,10
DA:160,10
DA:195,10
DA:334,10
DA:1309,10
DA:1310,10
DA:1309,10
DA:1310,10
DA:1320,10
DA:1321,10
DA:1320,10
DA:1321,10
end_of_record
SF:/usr/include/c++/9/bits/unique_ptr.h
FN:153,_ZNSt15__uniq_ptr_implINSt10filesystem7__cxx114path5_List5_ImplENS3_13_Impl_deleterEE6_M_ptrEv
FNDA:10,_ZNSt15__uniq_ptr_implINSt10filesystem7__cxx114path5_List5_ImplENS3_13_Impl_deleterEE6_M_ptrEv
FN:155,_ZNSt15__uniq_ptr_implINSt10filesystem7__cxx114path5_List5_ImplENS3_13_Impl_deleterEE10_M_deleterEv
FNDA:10,_ZNSt15__uniq_ptr_implINSt10filesystem7__cxx114path5_List5_ImplENS3_13_Impl_deleterEE10_M_deleterEv
FN:286,_ZNSt10unique_ptrINSt10filesystem7__cxx114path5_List5_ImplENS3_13_Impl_deleterEED2Ev
FNDA:10,_ZNSt10unique_ptrINSt10filesystem7__cxx114path5_List5_ImplENS3_13_Impl_deleterEED2Ev
FN:365,_ZNSt10unique_ptrINSt10filesystem7__cxx114path5_List5_ImplENS3_13_Impl_deleterEE11get_deleterEv
FNDA:10,_ZNSt10unique_ptrINSt10filesystem7__cxx114path5_List5_ImplENS3_13_Impl_deleterEE11get_deleterEv
DA:153,10
DA:155,10
DA:286,10
DA:290,10
DA:291,10
BRDA:291,0,0,10
BRDA:291,0,1,0
DA:292,10
DA:293,10
DA:294,10
DA:365,10
DA:366,10
end_of_record
SF:/usr/include/c++/9/bits/stl_algo.h
FN:78,_ZSt22__move_median_to_firstIN9__gnu_cxx17__normal_iteratorIPiSt6vectorIiSaIiEEEENS0_5__ops15_Iter_less_iterEEvT_S9_S9_S9_T0_
FNDA:0,_ZSt22__move_median_to_firstIN9__gnu_cxx17__normal_iteratorIPiSt6vectorIiSaIiEEEENS0_5__ops15_Iter_less_iterEEvT_S9_S9_S9_T0_
FN:1667,_ZSt13__heap_selectIN9__gnu_cxx17__normal_iteratorIPiSt6vectorIiSaIiEEEENS0_5__ops15_Iter_less_iterEEvT_S9_S9_T0_
FNDA:0,_ZSt13__heap_selectIN9__gnu_cxx17__normal_iteratorIPiSt6vectorIiSaIiEEEENS0_5__ops15_Iter_less_iterEEvT_S9_S9_T0_
FN:1820,_ZSt25__unguarded_linear_insertIN9__gnu_cxx17__normal_iteratorIPiSt6vectorIiSaIiEEEENS0_5__ops14_Val_less_iterEEvT_T0_
FNDA:3,_ZSt25__unguarded_linear_insertIN9__gnu_cxx17__normal_iteratorIPiSt6vectorIiSaIiEEEENS0_5__ops14_Val_less_iterEEvT_T0_
FN:1839,_ZSt16__insertion_sortIN9__gnu_cxx17__normal_iteratorIPiSt6vectorIiSaIiEEEENS0_5__ops15_Iter_less_iterEEvT_S9_T0_
FNDA:3,_ZSt16__insertion_sortIN9__gnu_cxx17__normal_iteratorIPiSt6vectorIiSaIiEEEENS0_5__ops15_Iter_less_iterEEvT_S9_T0_
FN:1862,_ZSt26__unguarded_insertion_sortIN9__gnu_cxx17__normal_iteratorIPiSt6vectorIiSaIiEEEENS0_5__ops15_Iter_less_iterEEvT_S9_T0_
FNDA:0,_ZSt26__unguarded_insertion_sortIN9__gnu_cxx17__normal_iteratorIPiSt6vectorIiSaIiEEEENS0_5__ops15_Iter_less_iterEEvT_S9_T0_
FN:1879,_ZSt22__final_insertion_sortIN9__gnu_cxx17__normal_iteratorIPiSt6vectorIiSaIiEEEENS0_5__ops15_Iter_less_iterEEvT_S9_T0_
FNDA:3,_ZSt22__final_insertion_sortIN9__gnu_cxx17__normal_iteratorIPiSt6vectorIiSaIiEEEENS0_5__ops15_Iter_less_iterEEvT_S9_T0_
FN:1895,_ZSt21__unguarded_partitionIN9__gnu_cxx17__normal_iteratorIPiSt6vectorIiSaIiEEEENS0_5__ops15_Iter_less_iterEET_S9_S9_S9_T0_
FNDA:0,_ZSt21__unguarded_partitionIN9__gnu_cxx17__normal_iteratorIPiSt6vectorIiSaIiEEEENS0_5__ops15_Iter_less_iterEET_S9_S9_S9_T0_
FN:1916,_ZSt27__unguarded_partition_pivotIN9__gnu_cxx17__normal_iteratorIPiSt6vectorIiSaIiEEEENS0_5__ops15_Iter_less_iterEET_S9_S9_T0_
FNDA:0,_ZSt27__unguarded_partition_pivotIN9__gnu_cxx17__normal_iteratorIPiSt6vectorIiSaIiEEEENS0_5__ops15_Iter_less_iterEET_S9_S9_T0_
FN:1927,_ZSt14__partial_sortIN9__gnu_cxx17__normal_iteratorIPiSt6vectorIiSaIiEEEENS0_5__ops15_Iter_less_iterEEvT_S9_S9_T0_
FNDA:0,_ZSt14__partial_sortIN9__gnu_cxx17__normal_iteratorIPiSt6vectorIiSaIiEEEENS0_5__ops15_Iter_less_iterEEvT_S9_S9_T0_
FN:1939,_ZSt16__introsort_loopIN9__gnu_cxx17__normal_iteratorIPiSt6vectorIiSaIiEEEElNS0_5__ops15_Iter_less_iterEEvT_S9_T0_T1_
FNDA:3,_ZSt16__introsort_loopIN9__gnu_cxx17__normal_iteratorIPiSt6vectorIiSaIiEEEElNS0_5__ops15_Iter_less_iterEEvT_S9_T0_T1_
FN:1962,_ZSt6__sortIN9__gnu_cxx17__normal_iteratorIPiSt6vectorIiSaIiEEEENS0_5__ops15_Iter_less_iterEEvT_S9_T0_
FNDA:3,_ZSt6__sortIN9__gnu_cxx17__normal_iteratorIPiSt6vectorIiSaIiEEEENS0_5__ops15_Iter_less_iterEEvT_S9_T0_
FN:4857,_ZSt4sortIN9__gnu_cxx17__normal_iteratorIPiSt6vectorIiSaIiEEEEEvT_S7_
FNDA:3,_ZSt4sortIN9__gnu_cxx17__normal_iteratorIPiSt6vectorIiSaIiEEEEEvT_S7_
DA:78,0
DA:81,0
BRDA:81,0,0,-
BRDA:81,0,1,-
DA:83,0
BRDA:83,0,0,-
BRDA:83,0,1,-
DA:84,0
DA:85,0
BRDA:85,0,0,-
BRDA:85,0,1,-
DA:86,0
DA:88,0
DA:90,0
BRDA:90,0,0,-
BRDA:90,0,1,-
DA:91,0
DA:92,0
BRDA:92,0,0,-
BRDA:92,0,1,-
DA:93,0
DA:95,0
DA:96,0
DA:1667,0
DA:1671,0
DA:1672,0
BRDA:1672,0,0,-
BRDA:1672,0,1,-
DA:1673,0
BRDA:1673,0,0,-
BRDA:1673,0,1,-
DA:1674,0
BRDA:1674,0,0,-
BRDA:1674,0,1,-
DA:1675,0
DA:1820,3
DA:1824,3
DA:1825,3
DA:1826,3
DA:1827,3
BRDA:1827,0,0,0
BRDA:1827,0,1,3
DA:1829,0
DA:1830,0
DA:1831,0
DA:1833,3
DA:1834,3
DA:1839,3
DA:1842,3
BRDA:1842,0,0,0
BRDA:1842,0,1,3
DA:1844,6
BRDA:1844,0,0,3
BRDA:1844,0,1,3
DA:1846,3
BRDA:1846,0,0,0
BRDA:1846,0,1,3
DA:1849,0
DA:1850,0
BRDA:1850,0,0,-
BRDA:1850,0,1,-
DA:1851,0
DA:1854,3
BRDA:1854,0,0,3
BRDA:1854,0,1,0
DA:1855,3
DA:1862,0
DA:1865,0
BRDA:1865,0,0,-
BRDA:1865,0,1,-
DA:1866,0
BRDA:1866,0,0,-
BRDA:1866,0,1,-
DA:1867,0
DA:1868,0
DA:1879,3
DA:1882,3
BRDA:1882,0,0,0
BRDA:1882,0,1,3
DA:1884,0
DA:1885,0
DA:1889,3
DA:1890,3
DA:1895,0
DA:1901,0
BRDA:1901,0,0,-
BRDA:1901,0,1,-
DA:1902,0
DA:1903,0
DA:1904,0
BRDA:1904,0,0,-
BRDA:1904,0,1,-
DA:1905,0
DA:1906,0
BRDA:1906,0,0,-
BRDA:1906,0,1,-
DA:1907,0
DA:1908,0
DA:1909,0
DA:1916,0
DA:1919,0
DA:1920,0
BRDA:1920,0,0,-
BRDA:1920,0,1,-
DA:1922,0
BRDA:1922,0,0,-
BRDA:1922,0,1,-
DA:1927,0
DA:1932,0
DA:1933,0
DA:1934,0
DA:1939,3
DA:1943,3
BRDA:1943,0,0,0
BRDA:1943,0,1,3
DA:1945,0
BRDA:1945,0,0,-
BRDA:1945,0,1,-
DA:1947,0
BRDA:1947,0,0,-
BRDA:1947,0,1,-
DA:1948,0
DA:1950,0
DA:1952,0
BRDA:1952,0,0,-
BRDA:1952,0,1,-
DA:1953,0
BRDA:1953,0,0,-
BRDA:1953,0,1,-
DA:1954,0
DA:1962,3
DA:1965,3
BRDA:1965,0,0,3
BRDA:1965,0,1,0
DA:1967,3
DA:1968,3
DA:1970,3
DA:1972,3
DA:4857,3
DA:4867,3
DA:4868,3
end_of_record
SF:/usr/include/c++/9/bits/stl_iterator_base_types.h
FN:205,_ZSt19__iterator_categoryIPcENSt15iterator_traitsIT_E17iterator_categoryERKS2_
FNDA:7,_ZSt19__iterator_categoryIPcENSt15iterator_traitsIT_E17iterator_categoryERKS2_
FN:205,_ZSt19__iterator_categoryIPKcENSt15iterator_traitsIT_E17iterator_categoryERKS3_
FNDA:0,_ZSt19__iterator_categoryIPKcENSt15iterator_traitsIT_E17iterator_categoryERKS3_
FN:205,_ZSt19__iterator_categoryIN9__gnu_cxx17__normal_iteratorIPiSt6vectorIiSaIiEEEEENSt15iterator_traitsIT_E17iterator_categoryERKS8_
FNDA:0,_ZSt19__iterator_categoryIN9__gnu_cxx17__normal_iteratorIPiSt6vectorIiSaIiEEEEENSt15iterator_traitsIT_E17iterator_categoryERKS8_
FN:205,_ZSt19__iterator_categoryIN9__gnu_cxx17__normal_iteratorIPKiSt6vectorIiSaIiEEEEENSt15iterator_traitsIT_E17iterator_categoryERKS9_
FNDA:14,_ZSt19__iterator_categoryIN9__gnu_cxx17__normal_iteratorIPKiSt6vectorIiSaIiEEEEENSt15iterator_traitsIT_E17iterator_categoryERKS9_
DA:205,7
DA:206,7
DA:205,0
DA:206,0
DA:205,0
DA:206,0
DA:205,14
DA:206,14
end_of_record
SF:/home/tikhon/Documents/programs/21_22/MIPT_c++/tasks/homework_repository/homework_cpp_2021/flat_set/mipt/log/log.h
FN:15,_Z12set_loglevel9InfoLevel
FNDA:0,_Z12set_loglevel9InfoLevel
DA:15,0
DA:16,0
DA:17,0
end_of_record
SF:/usr/include/c++/9/bits/stl_iterator_base_funcs.h
FN:98,_ZSt10__distanceIPcENSt15iterator_traitsIT_E15difference_typeES2_S2_St26random_access_iterator_tag
FNDA:7,_ZSt10__distanceIPcENSt15iterator_traitsIT_E15difference_typeES2_S2_St26random_access_iterator_tag
FN:98,_ZSt10__distanceIPKcENSt15iterator_traitsIT_E15difference_typeES3_S3_St26random_access_iterator_tag
FNDA:0,_ZSt10__distanceIPKcENSt15iterator_traitsIT_E15difference_typeES3_S3_St26random_access_iterator_tag
FN:98,_ZSt10__distanceIN9__gnu_cxx17__normal_iteratorIPiSt6vectorIiSaIiEEEEENSt15iterator_traitsIT_E15difference_typeES8_S8_St26random_access_iterator_tag
FNDA:0,_ZSt10__distanceIN9__gnu_cxx17__normal_iteratorIPiSt6vectorIiSaIiEEEEENSt15iterator_traitsIT_E15difference_typeES8_S8_St26random_access_iterator_tag
FN:98,_ZSt10__distanceIN9__gnu_cxx17__normal_iteratorIPKiSt6vectorIiSaIiEEEEENSt15iterator_traitsIT_E15difference_typeES9_S9_St26random_access_iterator_tag
FNDA:6,_ZSt10__distanceIN9__gnu_cxx17__normal_iteratorIPKiSt6vectorIiSaIiEEEEENSt15iterator_traitsIT_E15difference_typeES9_S9_St26random_access_iterator_tag
FN:138,_ZSt8distanceIPcENSt15iterator_traitsIT_E15difference_typeES2_S2_
FNDA:7,_ZSt8distanceIPcENSt15iterator_traitsIT_E15difference_typeES2_S2_
FN:138,_ZSt8distanceIPKcENSt15iterator_traitsIT_E15difference_typeES3_S3_
FNDA:0,_ZSt8distanceIPKcENSt15iterator_traitsIT_E15difference_typeES3_S3_
FN:138,_ZSt8distanceIN9__gnu_cxx17__normal_iteratorIPiSt6vectorIiSaIiEEEEENSt15iterator_traitsIT_E15difference_typeES8_S8_
FNDA:0,_ZSt8distanceIN9__gnu_cxx17__normal_iteratorIPiSt6vectorIiSaIiEEEEENSt15iterator_traitsIT_E15difference_typeES8_S8_
FN:138,_ZSt8distanceIN9__gnu_cxx17__normal_iteratorIPKiSt6vectorIiSaIiEEEEENSt15iterator_traitsIT_E15difference_typeES9_S9_
FNDA:6,_ZSt8distanceIN9__gnu_cxx17__normal_iteratorIPKiSt6vectorIiSaIiEEEEENSt15iterator_traitsIT_E15difference_typeES9_S9_
FN:174,_ZSt9__advanceIN9__gnu_cxx17__normal_iteratorIPiSt6vectorIiSaIiEEEElEvRT_T0_St26random_access_iterator_tag
FNDA:0,_ZSt9__advanceIN9__gnu_cxx17__normal_iteratorIPiSt6vectorIiSaIiEEEElEvRT_T0_St26random_access_iterator_tag
FN:174,_ZSt9__advanceIN9__gnu_cxx17__normal_iteratorIPKiSt6vectorIiSaIiEEEElEvRT_T0_St26random_access_iterator_tag
FNDA:8,_ZSt9__advanceIN9__gnu_cxx17__normal_iteratorIPKiSt6vectorIiSaIiEEEElEvRT_T0_St26random_access_iterator_tag
FN:202,_ZSt7advanceIN9__gnu_cxx17__normal_iteratorIPiSt6vectorIiSaIiEEEElEvRT_T0_
FNDA:0,_ZSt7advanceIN9__gnu_cxx17__normal_iteratorIPiSt6vectorIiSaIiEEEElEvRT_T0_
FN:202,_ZSt7advanceIN9__gnu_cxx17__normal_iteratorIPKiSt6vectorIiSaIiEEEElEvRT_T0_
FNDA:8,_ZSt7advanceIN9__gnu_cxx17__normal_iteratorIPKiSt6vectorIiSaIiEEEElEvRT_T0_
DA:98,7
DA:104,7
DA:98,0
DA:104,0
DA:98,0
DA:104,0
DA:98,6
DA:104,6
DA:138,7
DA:141,7
DA:142,14
DA:138,0
DA:141,0
DA:142,0
DA:138,0
DA:141,0
DA:142,0
DA:138,6
DA:141,6
DA:142,12
DA:174,0
DA:185,0
DA:186,0
DA:174,8
DA:185,8
DA:186,8
DA:202,0
DA:205,0
DA:206,0
DA:207,0
DA:202,8
DA:205,8
DA:206,8
DA:207,8
end_of_record
